wandb: WARNING The anonymous setting has no effect and will be removed in a future version.
wandb: [wandb.login()] Loaded credentials for https://api.wandb.ai from /users/yliu674/.netrc.
wandb: Currently logged in as: yixuan_liu1 (yixuan_liu1-brown-university) to https://api.wandb.ai. Use `wandb login --relogin` to force relogin
wandb: setting up run 5id9tixk
wandb: Tracking run with wandb version 0.26.0
wandb: Run data is saved locally in wandb/run-20260420_165006-5id9tixk
wandb: Run `wandb offline` to turn off syncing.
wandb: Syncing run lewm
wandb: ⭐️ View project at https://wandb.ai/yixuan_liu1-brown-university/lewm
wandb: 🚀 View run at https://wandb.ai/yixuan_liu1-brown-university/lewm/runs/5id9tixk
/oscar/scratch/yliu674/.venv/lib/python3.10/site-packages/lightning/fabric/connector.py:571: `precision=bf16` is supported for historical reasons but its usage is discouraged. Please set your precision to bf16-mixed instead!
Using bfloat16 Automatic Mixed Precision (AMP)
Error executing job with overrides: ['data=pusht']
Traceback (most recent call last):
  File "/oscar/scratch/yliu674/le-wm-me/train.py", line 163, in run
    trainer = pl.Trainer(
  File "/oscar/scratch/yliu674/.venv/lib/python3.10/site-packages/lightning/pytorch/utilities/argparse.py", line 70, in insert_env_defaults
    return fn(self, **kwargs)
  File "/oscar/scratch/yliu674/.venv/lib/python3.10/site-packages/lightning/pytorch/trainer/trainer.py", line 447, in __init__
    self._callback_connector.on_trainer_init(
  File "/oscar/scratch/yliu674/.venv/lib/python3.10/site-packages/lightning/pytorch/trainer/connectors/callback_connector.py", line 84, in on_trainer_init
    self.trainer.callbacks.extend(_load_external_callbacks("lightning.pytorch.callbacks_factory"))
  File "/oscar/scratch/yliu674/.venv/lib/python3.10/site-packages/lightning/fabric/utilities/registry.py", line 46, in _load_external_callbacks
    callbacks_list: Union[list[Any], Any] = callback_factory()
  File "/oscar/scratch/yliu674/.venv/lib/python3.10/site-packages/stable_pretraining/callbacks/factories.py", line 22, in default
    CPUOffloadCallback(),
  File "/oscar/scratch/yliu674/.venv/lib/python3.10/site-packages/stable_pretraining/callbacks/cpu_offload.py", line 91, in __init__
    gpu_name = torch.cuda.get_device_name(i)
  File "/oscar/scratch/yliu674/.venv/lib/python3.10/site-packages/torch/cuda/__init__.py", line 653, in get_device_name
    return get_device_properties(device).name
  File "/oscar/scratch/yliu674/.venv/lib/python3.10/site-packages/torch/cuda/__init__.py", line 686, in get_device_properties
    _lazy_init()  # will define _get_device_properties
  File "/oscar/scratch/yliu674/.venv/lib/python3.10/site-packages/torch/cuda/__init__.py", line 478, in _lazy_init
    torch._C._cuda_init()
RuntimeError: The NVIDIA driver on your system is too old (found version 12090). Please update your GPU driver by downloading and installing a new version from the URL: http://www.nvidia.com/Download/index.aspx Alternatively, go to: https://pytorch.org to install a PyTorch version that has been compiled with your version of the CUDA driver.

Set the environment variable HYDRA_FULL_ERROR=1 for a complete stack trace.
srun: error: gpu3101: task 0: Exited with exit code 1
