## SLURM PROLOG ###############################################################
##    Job ID : 2132181
##  Job Name : hwm_train
##  Nodelist : gpu3104
##      CPUs : 1
##  Mem/Node : 65536 MB
## Directory : /oscar/scratch/yliu674/le-wm-me
##   Job Started : Fri May  1 02:11:04 AM EDT 2026
###############################################################################
============================================
Job ID:           2132181
low_level_ckpt:  /users/yliu674/scratch/le-wm-me/lewm-pusht/lewm_epoch_10_object.ckpt
Extra:            
Node:             gpu3104.oscar.ccv.brown.edu
Started:          Fri May  1 02:11:04 AM EDT 2026
GPU:              NVIDIA L40S
============================================
python: /oscar/scratch/yliu674/.venv/bin/python  (Python 3.10.20)
sys.executable = /oscar/scratch/yliu674/.venv/bin/python
datasets 4.8.4 at /oscar/scratch/yliu674/.venv/lib/python3.10/site-packages/datasets
datasets.config OK
stable_pretraining OK, torch 2.8.0+cu128 cuda True
STABLEWM_HOME = /oscar/scratch/yliu674/stablewm_home
data: /oscar/scratch/yliu674/stablewm_home/pusht_expert_train.h5 (0)
WANDB_MODE = online
[2026-05-01 02:12:04,070][root][INFO] - Cached 'action' from '/oscar/scratch/yliu674/stablewm_home/pusht_expert_train.h5'
[2026-05-01 02:12:08,003][root][INFO] - Cached 'proprio' from '/oscar/scratch/yliu674/stablewm_home/pusht_expert_train.h5'
[2026-05-01 02:12:11,610][root][INFO] - Cached 'state' from '/oscar/scratch/yliu674/stablewm_home/pusht_expert_train.h5'
02:12:12.116 | INFO    (363195, stable_pretraining.data.module) | Setting up DataModule
02:12:12.117 | INFO    (363195, stable_pretraining.module) | Initializing Module configuration...
02:12:12.117 | WARNING (363195, stable_pretraining.module) | No hyperparameters provided - hyperparameter logging is disabled.
02:12:12.117 | INFO    (363195, stable_pretraining.module) | Setting custom forward method.
02:12:12.117 | INFO    (363195, stable_pretraining.module) | Setting attribute: self.model = <class 'hwm.HighLevelWorldModel'>
02:12:12.117 | INFO    (363195, stable_pretraining.module) | Setting attribute: self.optim = <class 'dict'>
02:12:12.117 | INFO    (363195, stable_pretraining.module) | No metrics configuration provided - automatic metric tracking is disabled.
02:12:14.464 | INFO    (363195, stable_pretraining.callbacks.env_info) | EnvironmentDumpCallback initialized (filename=environment.json, async=True)
02:12:14.464 | INFO    (363195, stable_pretraining.callbacks.cpu_offload) | ============================================================
02:12:14.464 | INFO    (363195, stable_pretraining.callbacks.cpu_offload) | Initializing CPUOffloadCallback
02:12:14.464 | INFO    (363195, stable_pretraining.callbacks.cpu_offload) | Configuration:
02:12:14.464 | INFO    (363195, stable_pretraining.callbacks.cpu_offload) |   - Offload keys: ['state_dict', 'optimizer_states', 'lr_schedulers']
02:12:14.464 | INFO    (363195, stable_pretraining.callbacks.cpu_offload) |   - Log all skipped objects: False
02:12:14.464 | INFO    (363195, stable_pretraining.callbacks.cpu_offload) |   - Will show first/last 10 skipped objects only
02:12:14.464 | SUCCESS (363195, stable_pretraining.callbacks.cpu_offload) | ✓ CUDA available: 1 GPU(s) detected
02:12:14.563 | INFO    (363195, stable_pretraining.callbacks.cpu_offload) |   - GPU 0: NVIDIA L40S (47.7 GB)
02:12:14.564 | SUCCESS (363195, stable_pretraining.callbacks.cpu_offload) | CPUOffloadCallback initialized successfully
02:12:14.564 | INFO    (363195, stable_pretraining.callbacks.cpu_offload) | ============================================================
02:12:14.566 | WARNING (363195, stable_pretraining.manager) | User didn't specify seed, runs won't be exactly reproducible!
02:12:14.567 | INFO    (363195, stable_pretraining.manager) | 📁📁📁 CURRENT WORKING DIR: /oscar/scratch/yliu674/le-wm-me 📁📁📁
02:12:14.567 | INFO    (363195, stable_pretraining.manager) | 🌱🌱🌱 SEEDING EVERYTHING with self.seed=None 🌱🌱🌱
02:12:14.591 | INFO    (363195, stable_pretraining.manager) | 📈📈📈 Using Wandb 📈📈📈
02:12:14.592 | INFO    (363195, stable_pretraining.manager) | 		a Wandb™ config is provided, not uploading Hydra's:
02:12:14.592 | INFO    (363195, stable_pretraining.manager) | 📈📈📈 WandbLogger setup 📈📈📈
02:12:14.592 | INFO    (363195, stable_pretraining.manager) | 📈📈📈 init={'name': 'hwm', 'project': 'lewm', 'dir': '.', 'id': None, 'resume': 'allow', 'anonymous': None, 'entity': 'yixuan_liu1-brown-university'} 📈📈📈
02:12:14.592 | INFO    (363195, stable_pretraining.manager) | 	● 👂👂👂 SIGNALS HANDLERS 👂👂👂
02:12:14.592 | INFO    (363195, stable_pretraining.manager) | 		- SIGUSR1: `0`
02:12:14.592 | INFO    (363195, stable_pretraining.manager) | 		- SIGUSR2: `0`
02:12:14.592 | INFO    (363195, stable_pretraining.manager) | 		- SIGCONT: `0`
02:12:14.592 | INFO    (363195, stable_pretraining.manager) | 		- SIGTERM: `0`
02:12:14.592 | INFO    (363195, stable_pretraining.manager) | 	● 📞📞📞 CALLBACKS 📞📞📞
02:12:14.592 | INFO    (363195, stable_pretraining.manager) | 		 - we found 14 callbacks
02:12:14.592 | INFO    (363195, stable_pretraining.manager) | 	● 📞📞📞 CHECKPOINTING SETUP 📞📞📞
02:12:14.593 | WARNING (363195, stable_pretraining.manager) | 		 Checkpoint mismatch: `manager.ckpt_path` (/oscar/scratch/yliu674/stablewm_home/hwm_weights.ckpt) was provided, but no matching `ModelCheckpoint` callback was found.
02:12:14.593 | WARNING (363195, stable_pretraining.manager) | 		 Automatically creating a `ModelCheckpoint` to save to the specified path to prevent data loss.
02:12:14.594 | WARNING (363195, stable_pretraining.manager) | 		 - Automatic `ModelCheckpoint` callback has been added to the trainer.
02:12:14.594 | INFO    (363195, stable_pretraining.manager) | 📣📣📣 CALLING trainer.fit with ckpt_path='/oscar/scratch/yliu674/stablewm_home/hwm_weights.ckpt' 📣📣📣
02:12:14.738 | INFO    (363195, stable_pretraining.data.module) | dataset for fit loaded!  ✅
02:12:14.739 | INFO    (363195, stable_pretraining.data.module) | 	● setup was done by user
02:12:14.739 | INFO    (363195, stable_pretraining.callbacks.env_info) | ======================================================================
02:12:14.739 | INFO    (363195, stable_pretraining.callbacks.env_info) | 🔍 Starting environment configuration dump...
02:12:14.739 | INFO    (363195, stable_pretraining.callbacks.env_info) | ======================================================================
02:12:14.739 | INFO    (363195, stable_pretraining.callbacks.env_info) | EnvironmentDumpCallback  log_dir=PosixPath('/oscar/scratch/yliu674/le-wm-me')
02:12:14.739 | INFO    (363195, stable_pretraining.callbacks.env_info) | ⚡ Running environment dump in background thread (non-blocking)
02:12:14.739 | INFO    (363195, stable_pretraining.callbacks.env_info) | 📁 Log directory: /oscar/scratch/yliu674/le-wm-me
02:12:14.739 | INFO    (363195, stable_pretraining.callbacks.env_info) | 📊 Collecting environment information...
02:12:14.740 | SUCCESS (363195, stable_pretraining.callbacks.env_info) | ✓ Background thread started successfully
02:12:14.740 | SUCCESS (363195, stable_pretraining.callbacks.env_info) |   ✓ Python 3.10.20
02:12:14.740 | INFO    (363195, stable_pretraining.callbacks.trainer_info) | 	 linking trainer to DataModule! 🔧
02:12:14.740 | SUCCESS (363195, stable_pretraining.callbacks.env_info) |   ✓ System: Linux 5.14.0-570.62.1.0.1.el9_6.x86_64 (x86_64)
02:12:14.740 | INFO    (363195, stable_pretraining.callbacks.checkpoint_sklearn) | Setting up SklearnCheckpoint callback!
02:12:14.740 | INFO    (363195, stable_pretraining.callbacks.env_info) |      Hostname: gpu3104.oscar.ccv.brown.edu
02:12:14.741 | INFO    (363195, stable_pretraining.callbacks.checkpoint_sklearn) | Sklearn Modules:
02:12:14.741 | INFO    (363195, stable_pretraining.callbacks.checkpoint_sklearn) | 
┏━━━━━━━━━━┳━━━━━━━━┳━━━━━━━━┓
┃ Module   ┃ Name   ┃ Type   ┃
┣━━━━━━━━━━╋━━━━━━━━╋━━━━━━━━┫
┗━━━━━━━━━━┻━━━━━━━━┻━━━━━━━━┛
02:12:14.742 | INFO    (363195, stable_pretraining.callbacks.checkpoint_sklearn) | Setting up WandbCheckpoint callback!
02:12:14.742 | INFO    (363195, stable_pretraining.callbacks.trainer_info) | PyTorch Modules:
02:12:14.742 | WARNING (363195, stable_pretraining.module) | You are calling self.parameters which also gives callbacks parameters, to remove then, pass `with_callbacks=False`
02:12:14.764 | INFO    (363195, stable_pretraining.callbacks.trainer_info) | \n+-----------------------------------------------------------------+----------------------+--------------------------+--------------------------+---------+
| Module                                                          | Trainable parameters | Non Trainable parameters | Uninitialized parameters | Buffers |
+-----------------------------------------------------------------+----------------------+--------------------------+--------------------------+---------+
|                                                                 |             11697290 |                  6294144 |                        0 |    8214 |
| callbacks_modules                                               |                    0 |                        0 |                        0 |       0 |
| callbacks_metrics                                               |                    0 |                        0 |                        0 |       0 |
| model                                                           |             11697290 |                  6294144 |                        0 |    8214 |
| model.encoder                                                   |                    0 |                  5501376 |                        0 |       0 |
| model.encoder.embeddings                                        |                    0 |                   162624 |                        0 |       0 |
| model.encoder.embeddings.patch_embeddings                       |                    0 |                   113088 |                        0 |       0 |
| model.encoder.embeddings.patch_embeddings.projection            |                    0 |                   113088 |                        0 |       0 |
| model.encoder.embeddings.dropout                                |                    0 |                        0 |                        0 |       0 |
| model.encoder.encoder                                           |                    0 |                  5338368 |                        0 |       0 |
| model.encoder.encoder.layer                                     |                    0 |                  5338368 |                        0 |       0 |
| model.encoder.encoder.layer.0                                   |                    0 |                   444864 |                        0 |       0 |
| model.encoder.encoder.layer.0.attention                         |                    0 |                   148224 |                        0 |       0 |
| model.encoder.encoder.layer.0.attention.attention               |                    0 |                   111168 |                        0 |       0 |
| model.encoder.encoder.layer.0.attention.attention.query         |                    0 |                    37056 |                        0 |       0 |
| model.encoder.encoder.layer.0.attention.attention.key           |                    0 |                    37056 |                        0 |       0 |
| model.encoder.encoder.layer.0.attention.attention.value         |                    0 |                    37056 |                        0 |       0 |
| model.encoder.encoder.layer.0.attention.output                  |                    0 |                    37056 |                        0 |       0 |
| model.encoder.encoder.layer.0.attention.output.dense            |                    0 |                    37056 |                        0 |       0 |
| model.encoder.encoder.layer.0.attention.output.dropout          |                    0 |                        0 |                        0 |       0 |
| model.encoder.encoder.layer.0.intermediate                      |                    0 |                   148224 |                        0 |       0 |
| model.encoder.encoder.layer.0.intermediate.dense                |                    0 |                   148224 |                        0 |       0 |
| model.encoder.encoder.layer.0.intermediate.intermediate_act_fn  |                    0 |                        0 |                        0 |       0 |
| model.encoder.encoder.layer.0.output                            |                    0 |                   147648 |                        0 |       0 |
| model.encoder.encoder.layer.0.output.dense                      |                    0 |                   147648 |                        0 |       0 |
| model.encoder.encoder.layer.0.output.dropout                    |                    0 |                        0 |                        0 |       0 |
| model.encoder.encoder.layer.0.layernorm_before                  |                    0 |                      384 |                        0 |       0 |
| model.encoder.encoder.layer.0.layernorm_after                   |                    0 |                      384 |                        0 |       0 |
| model.encoder.encoder.layer.1                                   |                    0 |                   444864 |                        0 |       0 |
| model.encoder.encoder.layer.1.attention                         |                    0 |                   148224 |                        0 |       0 |
| model.encoder.encoder.layer.1.attention.attention               |                    0 |                   111168 |                        0 |       0 |
| model.encoder.encoder.layer.1.attention.attention.query         |                    0 |                    37056 |                        0 |       0 |
| model.encoder.encoder.layer.1.attention.attention.key           |                    0 |                    37056 |                        0 |       0 |
| model.encoder.encoder.layer.1.attention.attention.value         |                    0 |                    37056 |                        0 |       0 |
| model.encoder.encoder.layer.1.attention.output                  |                    0 |                    37056 |                        0 |       0 |
| model.encoder.encoder.layer.1.attention.output.dense            |                    0 |                    37056 |                        0 |       0 |
| model.encoder.encoder.layer.1.attention.output.dropout          |                    0 |                        0 |                        0 |       0 |
| model.encoder.encoder.layer.1.intermediate                      |                    0 |                   148224 |                        0 |       0 |
| model.encoder.encoder.layer.1.intermediate.dense                |                    0 |                   148224 |                        0 |       0 |
| model.encoder.encoder.layer.1.intermediate.intermediate_act_fn  |                    0 |                        0 |                        0 |       0 |
| model.encoder.encoder.layer.1.output                            |                    0 |                   147648 |                        0 |       0 |
| model.encoder.encoder.layer.1.output.dense                      |                    0 |                   147648 |                        0 |       0 |
| model.encoder.encoder.layer.1.output.dropout                    |                    0 |                        0 |                        0 |       0 |
| model.encoder.encoder.layer.1.layernorm_before                  |                    0 |                      384 |                        0 |       0 |
| model.encoder.encoder.layer.1.layernorm_after                   |                    0 |                      384 |                        0 |       0 |
| model.encoder.encoder.layer.2                                   |                    0 |                   444864 |                        0 |       0 |
| model.encoder.encoder.layer.2.attention                         |                    0 |                   148224 |                        0 |       0 |
| model.encoder.encoder.layer.2.attention.attention               |                    0 |                   111168 |                        0 |       0 |
| model.encoder.encoder.layer.2.attention.attention.query         |                    0 |                    37056 |                        0 |       0 |
| model.encoder.encoder.layer.2.attention.attention.key           |                    0 |                    37056 |                        0 |       0 |
| model.encoder.encoder.layer.2.attention.attention.value         |                    0 |                    37056 |                        0 |       0 |
| model.encoder.encoder.layer.2.attention.output                  |                    0 |                    37056 |                        0 |       0 |
| model.encoder.encoder.layer.2.attention.output.dense            |                    0 |                    37056 |                        0 |       0 |
| model.encoder.encoder.layer.2.attention.output.dropout          |                    0 |                        0 |                        0 |       0 |
| model.encoder.encoder.layer.2.intermediate                      |                    0 |                   148224 |                        0 |       0 |
| model.encoder.encoder.layer.2.intermediate.dense                |                    0 |                   148224 |                        0 |       0 |
| model.encoder.encoder.layer.2.intermediate.intermediate_act_fn  |                    0 |                        0 |                        0 |       0 |
| model.encoder.encoder.layer.2.output                            |                    0 |                   147648 |                        0 |       0 |
| model.encoder.encoder.layer.2.output.dense                      |                    0 |                   147648 |                        0 |       0 |
| model.encoder.encoder.layer.2.output.dropout                    |                    0 |                        0 |                        0 |       0 |
| model.encoder.encoder.layer.2.layernorm_before                  |                    0 |                      384 |                        0 |       0 |
| model.encoder.encoder.layer.2.layernorm_after                   |                    0 |                      384 |                        0 |       0 |
| model.encoder.encoder.layer.3                                   |                    0 |                   444864 |                        0 |       0 |
| model.encoder.encoder.layer.3.attention                         |                    0 |                   148224 |                        0 |       0 |
| model.encoder.encoder.layer.3.attention.attention               |                    0 |                   111168 |                        0 |       0 |
| model.encoder.encoder.layer.3.attention.attention.query         |                    0 |                    37056 |                        0 |       0 |
| model.encoder.encoder.layer.3.attention.attention.key           |                    0 |                    37056 |                        0 |       0 |
| model.encoder.encoder.layer.3.attention.attention.value         |                    0 |                    37056 |                        0 |       0 |
| model.encoder.encoder.layer.3.attention.output                  |                    0 |                    37056 |                        0 |       0 |
| model.encoder.encoder.layer.3.attention.output.dense            |                    0 |                    37056 |                        0 |       0 |
| model.encoder.encoder.layer.3.attention.output.dropout          |                    0 |                        0 |                        0 |       0 |
| model.encoder.encoder.layer.3.intermediate                      |                    0 |                   148224 |                        0 |       0 |
| model.encoder.encoder.layer.3.intermediate.dense                |                    0 |                   148224 |                        0 |       0 |
| model.encoder.encoder.layer.3.intermediate.intermediate_act_fn  |                    0 |                        0 |                        0 |       0 |
| model.encoder.encoder.layer.3.output                            |                    0 |                   147648 |                        0 |       0 |
| model.encoder.encoder.layer.3.output.dense                      |                    0 |                   147648 |                        0 |       0 |
| model.encoder.encoder.layer.3.output.dropout                    |                    0 |                        0 |                        0 |       0 |
| model.encoder.encoder.layer.3.layernorm_before                  |                    0 |                      384 |                        0 |       0 |
| model.encoder.encoder.layer.3.layernorm_after                   |                    0 |                      384 |                        0 |       0 |
| model.encoder.encoder.layer.4                                   |                    0 |                   444864 |                        0 |       0 |
| model.encoder.encoder.layer.4.attention                         |                    0 |                   148224 |                        0 |       0 |
| model.encoder.encoder.layer.4.attention.attention               |                    0 |                   111168 |                        0 |       0 |
| model.encoder.encoder.layer.4.attention.attention.query         |                    0 |                    37056 |                        0 |       0 |
| model.encoder.encoder.layer.4.attention.attention.key           |                    0 |                    37056 |                        0 |       0 |
| model.encoder.encoder.layer.4.attention.attention.value         |                    0 |                    37056 |                        0 |       0 |
| model.encoder.encoder.layer.4.attention.output                  |                    0 |                    37056 |                        0 |       0 |
| model.encoder.encoder.layer.4.attention.output.dense            |                    0 |                    37056 |                        0 |       0 |
| model.encoder.encoder.layer.4.attention.output.dropout          |                    0 |                        0 |                        0 |       0 |
| model.encoder.encoder.layer.4.intermediate                      |                    0 |                   148224 |                        0 |       0 |
| model.encoder.encoder.layer.4.intermediate.dense                |                    0 |                   148224 |                        0 |       0 |
| model.encoder.encoder.layer.4.intermediate.intermediate_act_fn  |                    0 |                        0 |                        0 |       0 |
| model.encoder.encoder.layer.4.output                            |                    0 |                   147648 |                        0 |       0 |
| model.encoder.encoder.layer.4.output.dense                      |                    0 |                   147648 |                        0 |       0 |
| model.encoder.encoder.layer.4.output.dropout                    |                    0 |                        0 |                        0 |       0 |
| model.encoder.encoder.layer.4.layernorm_before                  |                    0 |                      384 |                        0 |       0 |
| model.encoder.encoder.layer.4.layernorm_after                   |                    0 |                      384 |                        0 |       0 |
| model.encoder.encoder.layer.5                                   |                    0 |                   444864 |                        0 |       0 |
| model.encoder.encoder.layer.5.attention                         |                    0 |                   148224 |                        0 |       0 |
| model.encoder.encoder.layer.5.attention.attention               |                    0 |                   111168 |                        0 |       0 |
| model.encoder.encoder.layer.5.attention.attention.query         |                    0 |                    37056 |                        0 |       0 |
| model.encoder.encoder.layer.5.attention.attention.key           |                    0 |                    37056 |                        0 |       0 |
| model.encoder.encoder.layer.5.attention.attention.value         |                    0 |                    37056 |                        0 |       0 |
| model.encoder.encoder.layer.5.attention.output                  |                    0 |                    37056 |                        0 |       0 |
| model.encoder.encoder.layer.5.attention.output.dense            |                    0 |                    37056 |                        0 |       0 |
| model.encoder.encoder.layer.5.attention.output.dropout          |                    0 |                        0 |                        0 |       0 |
| model.encoder.encoder.layer.5.intermediate                      |                    0 |                   148224 |                        0 |       0 |
| model.encoder.encoder.layer.5.intermediate.dense                |                    0 |                   148224 |                        0 |       0 |
| model.encoder.encoder.layer.5.intermediate.intermediate_act_fn  |                    0 |                        0 |                        0 |       0 |
| model.encoder.encoder.layer.5.output                            |                    0 |                   147648 |                        0 |       0 |
| model.encoder.encoder.layer.5.output.dense                      |                    0 |                   147648 |                        0 |       0 |
| model.encoder.encoder.layer.5.output.dropout                    |                    0 |                        0 |                        0 |       0 |
| model.encoder.encoder.layer.5.layernorm_before                  |                    0 |                      384 |                        0 |       0 |
| model.encoder.encoder.layer.5.layernorm_after                   |                    0 |                      384 |                        0 |       0 |
| model.encoder.encoder.layer.6                                   |                    0 |                   444864 |                        0 |       0 |
| model.encoder.encoder.layer.6.attention                         |                    0 |                   148224 |                        0 |       0 |
| model.encoder.encoder.layer.6.attention.attention               |                    0 |                   111168 |                        0 |       0 |
| model.encoder.encoder.layer.6.attention.attention.query         |                    0 |                    37056 |                        0 |       0 |
| model.encoder.encoder.layer.6.attention.attention.key           |                    0 |                    37056 |                        0 |       0 |
| model.encoder.encoder.layer.6.attention.attention.value         |                    0 |                    37056 |                        0 |       0 |
| model.encoder.encoder.layer.6.attention.output                  |                    0 |                    37056 |                        0 |       0 |
| model.encoder.encoder.layer.6.attention.output.dense            |                    0 |                    37056 |                        0 |       0 |
| model.encoder.encoder.layer.6.attention.output.dropout          |                    0 |                        0 |                        0 |       0 |
| model.encoder.encoder.layer.6.intermediate                      |                    0 |                   148224 |                        0 |       0 |
| model.encoder.encoder.layer.6.intermediate.dense                |                    0 |                   148224 |                        0 |       0 |
| model.encoder.encoder.layer.6.intermediate.intermediate_act_fn  |                    0 |                        0 |                        0 |       0 |
| model.encoder.encoder.layer.6.output                            |                    0 |                   147648 |                        0 |       0 |
| model.encoder.encoder.layer.6.output.dense                      |                    0 |                   147648 |                        0 |       0 |
| model.encoder.encoder.layer.6.output.dropout                    |                    0 |                        0 |                        0 |       0 |
| model.encoder.encoder.layer.6.layernorm_before                  |                    0 |                      384 |                        0 |       0 |
| model.encoder.encoder.layer.6.layernorm_after                   |                    0 |                      384 |                        0 |       0 |
| model.encoder.encoder.layer.7                                   |                    0 |                   444864 |                        0 |       0 |
| model.encoder.encoder.layer.7.attention                         |                    0 |                   148224 |                        0 |       0 |
| model.encoder.encoder.layer.7.attention.attention               |                    0 |                   111168 |                        0 |       0 |
| model.encoder.encoder.layer.7.attention.attention.query         |                    0 |                    37056 |                        0 |       0 |
| model.encoder.encoder.layer.7.attention.attention.key           |                    0 |                    37056 |                        0 |       0 |
| model.encoder.encoder.layer.7.attention.attention.value         |                    0 |                    37056 |                        0 |       0 |
| model.encoder.encoder.layer.7.attention.output                  |                    0 |                    37056 |                        0 |       0 |
| model.encoder.encoder.layer.7.attention.output.dense            |                    0 |                    37056 |                        0 |       0 |
| model.encoder.encoder.layer.7.attention.output.dropout          |                    0 |                        0 |                        0 |       0 |
| model.encoder.encoder.layer.7.intermediate                      |                    0 |                   148224 |                        0 |       0 |
| model.encoder.encoder.layer.7.intermediate.dense                |                    0 |                   148224 |                        0 |       0 |
| model.encoder.encoder.layer.7.intermediate.intermediate_act_fn  |                    0 |                        0 |                        0 |       0 |
| model.encoder.encoder.layer.7.output                            |                    0 |                   147648 |                        0 |       0 |
| model.encoder.encoder.layer.7.output.dense                      |                    0 |                   147648 |                        0 |       0 |
| model.encoder.encoder.layer.7.output.dropout                    |                    0 |                        0 |                        0 |       0 |
| model.encoder.encoder.layer.7.layernorm_before                  |                    0 |                      384 |                        0 |       0 |
| model.encoder.encoder.layer.7.layernorm_after                   |                    0 |                      384 |                        0 |       0 |
| model.encoder.encoder.layer.8                                   |                    0 |                   444864 |                        0 |       0 |
| model.encoder.encoder.layer.8.attention                         |                    0 |                   148224 |                        0 |       0 |
| model.encoder.encoder.layer.8.attention.attention               |                    0 |                   111168 |                        0 |       0 |
| model.encoder.encoder.layer.8.attention.attention.query         |                    0 |                    37056 |                        0 |       0 |
| model.encoder.encoder.layer.8.attention.attention.key           |                    0 |                    37056 |                        0 |       0 |
| model.encoder.encoder.layer.8.attention.attention.value         |                    0 |                    37056 |                        0 |       0 |
| model.encoder.encoder.layer.8.attention.output                  |                    0 |                    37056 |                        0 |       0 |
| model.encoder.encoder.layer.8.attention.output.dense            |                    0 |                    37056 |                        0 |       0 |
| model.encoder.encoder.layer.8.attention.output.dropout          |                    0 |                        0 |                        0 |       0 |
| model.encoder.encoder.layer.8.intermediate                      |                    0 |                   148224 |                        0 |       0 |
| model.encoder.encoder.layer.8.intermediate.dense                |                    0 |                   148224 |                        0 |       0 |
| model.encoder.encoder.layer.8.intermediate.intermediate_act_fn  |                    0 |                        0 |                        0 |       0 |
| model.encoder.encoder.layer.8.output                            |                    0 |                   147648 |                        0 |       0 |
| model.encoder.encoder.layer.8.output.dense                      |                    0 |                   147648 |                        0 |       0 |
| model.encoder.encoder.layer.8.output.dropout                    |                    0 |                        0 |                        0 |       0 |
| model.encoder.encoder.layer.8.layernorm_before                  |                    0 |                      384 |                        0 |       0 |
| model.encoder.encoder.layer.8.layernorm_after                   |                    0 |                      384 |                        0 |       0 |
| model.encoder.encoder.layer.9                                   |                    0 |                   444864 |                        0 |       0 |
| model.encoder.encoder.layer.9.attention                         |                    0 |                   148224 |                        0 |       0 |
| model.encoder.encoder.layer.9.attention.attention               |                    0 |                   111168 |                        0 |       0 |
| model.encoder.encoder.layer.9.attention.attention.query         |                    0 |                    37056 |                        0 |       0 |
| model.encoder.encoder.layer.9.attention.attention.key           |                    0 |                    37056 |                        0 |       0 |
| model.encoder.encoder.layer.9.attention.attention.value         |                    0 |                    37056 |                        0 |       0 |
| model.encoder.encoder.layer.9.attention.output                  |                    0 |                    37056 |                        0 |       0 |
| model.encoder.encoder.layer.9.attention.output.dense            |                    0 |                    37056 |                        0 |       0 |
| model.encoder.encoder.layer.9.attention.output.dropout          |                    0 |                        0 |                        0 |       0 |
| model.encoder.encoder.layer.9.intermediate                      |                    0 |                   148224 |                        0 |       0 |
| model.encoder.encoder.layer.9.intermediate.dense                |                    0 |                   148224 |                        0 |       0 |
| model.encoder.encoder.layer.9.intermediate.intermediate_act_fn  |                    0 |                        0 |                        0 |       0 |
| model.encoder.encoder.layer.9.output                            |                    0 |                   147648 |                        0 |       0 |
| model.encoder.encoder.layer.9.output.dense                      |                    0 |                   147648 |                        0 |       0 |
| model.encoder.encoder.layer.9.output.dropout                    |                    0 |                        0 |                        0 |       0 |
| model.encoder.encoder.layer.9.layernorm_before                  |                    0 |                      384 |                        0 |       0 |
| model.encoder.encoder.layer.9.layernorm_after                   |                    0 |                      384 |                        0 |       0 |
| model.encoder.encoder.layer.10                                  |                    0 |                   444864 |                        0 |       0 |
| model.encoder.encoder.layer.10.attention                        |                    0 |                   148224 |                        0 |       0 |
| model.encoder.encoder.layer.10.attention.attention              |                    0 |                   111168 |                        0 |       0 |
| model.encoder.encoder.layer.10.attention.attention.query        |                    0 |                    37056 |                        0 |       0 |
| model.encoder.encoder.layer.10.attention.attention.key          |                    0 |                    37056 |                        0 |       0 |
| model.encoder.encoder.layer.10.attention.attention.value        |                    0 |                    37056 |                        0 |       0 |
| model.encoder.encoder.layer.10.attention.output                 |                    0 |                    37056 |                        0 |       0 |
| model.encoder.encoder.layer.10.attention.output.dense           |                    0 |                    37056 |                        0 |       0 |
| model.encoder.encoder.layer.10.attention.output.dropout         |                    0 |                        0 |                        0 |       0 |
| model.encoder.encoder.layer.10.intermediate                     |                    0 |                   148224 |                        0 |       0 |
| model.encoder.encoder.layer.10.intermediate.dense               |                    0 |                   148224 |                        0 |       0 |
| model.encoder.encoder.layer.10.intermediate.intermediate_act_fn |                    0 |                        0 |                        0 |       0 |
| model.encoder.encoder.layer.10.output                           |                    0 |                   147648 |                        0 |       0 |
| model.encoder.encoder.layer.10.output.dense                     |                    0 |                   147648 |                        0 |       0 |
| model.encoder.encoder.layer.10.output.dropout                   |                    0 |                        0 |                        0 |       0 |
| model.encoder.encoder.layer.10.layernorm_before                 |                    0 |                      384 |                        0 |       0 |
| model.encoder.encoder.layer.10.layernorm_after                  |                    0 |                      384 |                        0 |       0 |
| model.encoder.encoder.layer.11                                  |                    0 |                   444864 |                        0 |       0 |
| model.encoder.encoder.layer.11.attention                        |                    0 |                   148224 |                        0 |       0 |
| model.encoder.encoder.layer.11.attention.attention              |                    0 |                   111168 |                        0 |       0 |
| model.encoder.encoder.layer.11.attention.attention.query        |                    0 |                    37056 |                        0 |       0 |
| model.encoder.encoder.layer.11.attention.attention.key          |                    0 |                    37056 |                        0 |       0 |
| model.encoder.encoder.layer.11.attention.attention.value        |                    0 |                    37056 |                        0 |       0 |
| model.encoder.encoder.layer.11.attention.output                 |                    0 |                    37056 |                        0 |       0 |
| model.encoder.encoder.layer.11.attention.output.dense           |                    0 |                    37056 |                        0 |       0 |
| model.encoder.encoder.layer.11.attention.output.dropout         |                    0 |                        0 |                        0 |       0 |
| model.encoder.encoder.layer.11.intermediate                     |                    0 |                   148224 |                        0 |       0 |
| model.encoder.encoder.layer.11.intermediate.dense               |                    0 |                   148224 |                        0 |       0 |
| model.encoder.encoder.layer.11.intermediate.intermediate_act_fn |                    0 |                        0 |                        0 |       0 |
| model.encoder.encoder.layer.11.output                           |                    0 |                   147648 |                        0 |       0 |
| model.encoder.encoder.layer.11.output.dense                     |                    0 |                   147648 |                        0 |       0 |
| model.encoder.encoder.layer.11.output.dropout                   |                    0 |                        0 |                        0 |       0 |
| model.encoder.encoder.layer.11.layernorm_before                 |                    0 |                      384 |                        0 |       0 |
| model.encoder.encoder.layer.11.layernorm_after                  |                    0 |                      384 |                        0 |       0 |
| model.encoder.layernorm                                         |                    0 |                      384 |                        0 |       0 |
| model.projector                                                 |                    0 |                   792768 |                        0 |    4097 |
| model.projector.net                                             |                    0 |                   792768 |                        0 |    4097 |
| model.projector.net.0                                           |                    0 |                   395264 |                        0 |       0 |
| model.projector.net.1                                           |                    0 |                     4096 |                        0 |    4097 |
| model.projector.net.2                                           |                    0 |                        0 |                        0 |       0 |
| model.projector.net.3                                           |                    0 |                   393408 |                        0 |       0 |
| model.macro_encoder                                             |               111050 |                        0 |                        0 |       0 |
| model.macro_encoder.token_embed                                 |                  704 |                        0 |                        0 |       0 |
| model.macro_encoder.dropout                                     |                    0 |                        0 |                        0 |       0 |
| model.macro_encoder.norm1                                       |                  256 |                        0 |                        0 |       0 |
| model.macro_encoder.norm1.0                                     |                  128 |                        0 |                        0 |       0 |
| model.macro_encoder.norm1.1                                     |                  128 |                        0 |                        0 |       0 |
| model.macro_encoder.norm2                                       |                  256 |                        0 |                        0 |       0 |
| model.macro_encoder.norm2.0                                     |                  128 |                        0 |                        0 |       0 |
| model.macro_encoder.norm2.1                                     |                  128 |                        0 |                        0 |       0 |
| model.macro_encoder.qkv                                         |                24576 |                        0 |                        0 |       0 |
| model.macro_encoder.qkv.0                                       |                12288 |                        0 |                        0 |       0 |
| model.macro_encoder.qkv.1                                       |                12288 |                        0 |                        0 |       0 |
| model.macro_encoder.proj                                        |                 8320 |                        0 |                        0 |       0 |
| model.macro_encoder.proj.0                                      |                 4160 |                        0 |                        0 |       0 |
| model.macro_encoder.proj.1                                      |                 4160 |                        0 |                        0 |       0 |
| model.macro_encoder.mlp                                         |                66176 |                        0 |                        0 |       0 |
| model.macro_encoder.mlp.0                                       |                33088 |                        0 |                        0 |       0 |
| model.macro_encoder.mlp.0.0                                     |                16640 |                        0 |                        0 |       0 |
| model.macro_encoder.mlp.0.1                                     |                    0 |                        0 |                        0 |       0 |
| model.macro_encoder.mlp.0.2                                     |                16448 |                        0 |                        0 |       0 |
| model.macro_encoder.mlp.0.3                                     |                    0 |                        0 |                        0 |       0 |
| model.macro_encoder.mlp.1                                       |                33088 |                        0 |                        0 |       0 |
| model.macro_encoder.mlp.1.0                                     |                16640 |                        0 |                        0 |       0 |
| model.macro_encoder.mlp.1.1                                     |                    0 |                        0 |                        0 |       0 |
| model.macro_encoder.mlp.1.2                                     |                16448 |                        0 |                        0 |       0 |
| model.macro_encoder.mlp.1.3                                     |                    0 |                        0 |                        0 |       0 |
| model.macro_encoder.head                                        |                 9738 |                        0 |                        0 |       0 |
| model.macro_encoder.head.0                                      |                  128 |                        0 |                        0 |       0 |
| model.macro_encoder.head.1                                      |                 8320 |                        0 |                        0 |       0 |
| model.macro_encoder.head.2                                      |                    0 |                        0 |                        0 |       0 |
| model.macro_encoder.head.3                                      |                 1290 |                        0 |                        0 |       0 |
| model.macro_embedder                                            |                 2112 |                        0 |                        0 |       0 |
| model.predictor                                                 |             10791360 |                        0 |                        0 |       0 |
| model.predictor.dropout                                         |                    0 |                        0 |                        0 |       0 |
| model.predictor.transformer                                     |             10790784 |                        0 |                        0 |       0 |
| model.predictor.transformer.norm                                |                  384 |                        0 |                        0 |       0 |
| model.predictor.transformer.layers                              |             10790400 |                        0 |                        0 |       0 |
| model.predictor.transformer.layers.0                            |              1798400 |                        0 |                        0 |       0 |
| model.predictor.transformer.layers.0.attn                       |               787008 |                        0 |                        0 |       0 |
| model.predictor.transformer.layers.0.attn.norm                  |                  384 |                        0 |                        0 |       0 |
| model.predictor.transformer.layers.0.attn.attend                |                    0 |                        0 |                        0 |       0 |
| model.predictor.transformer.layers.0.attn.to_qkv                |               589824 |                        0 |                        0 |       0 |
| model.predictor.transformer.layers.0.attn.to_out                |               196800 |                        0 |                        0 |       0 |
| model.predictor.transformer.layers.0.attn.to_out.0              |               196800 |                        0 |                        0 |       0 |
| model.predictor.transformer.layers.0.attn.to_out.1              |                    0 |                        0 |                        0 |       0 |
| model.predictor.transformer.layers.0.mlp                        |               789056 |                        0 |                        0 |       0 |
| model.predictor.transformer.layers.0.mlp.net                    |               789056 |                        0 |                        0 |       0 |
| model.predictor.transformer.layers.0.mlp.net.0                  |                  384 |                        0 |                        0 |       0 |
| model.predictor.transformer.layers.0.mlp.net.1                  |               395264 |                        0 |                        0 |       0 |
| model.predictor.transformer.layers.0.mlp.net.2                  |                    0 |                        0 |                        0 |       0 |
| model.predictor.transformer.layers.0.mlp.net.3                  |                    0 |                        0 |                        0 |       0 |
| model.predictor.transformer.layers.0.mlp.net.4                  |               393408 |                        0 |                        0 |       0 |
| model.predictor.transformer.layers.0.mlp.net.5                  |                    0 |                        0 |                        0 |       0 |
| model.predictor.transformer.layers.0.norm1                      |                    0 |                        0 |                        0 |       0 |
| model.predictor.transformer.layers.0.norm2                      |                    0 |                        0 |                        0 |       0 |
| model.predictor.transformer.layers.0.adaLN_modulation           |               222336 |                        0 |                        0 |       0 |
| model.predictor.transformer.layers.0.adaLN_modulation.0         |                    0 |                        0 |                        0 |       0 |
| model.predictor.transformer.layers.0.adaLN_modulation.1         |               222336 |                        0 |                        0 |       0 |
| model.predictor.transformer.layers.1                            |              1798400 |                        0 |                        0 |       0 |
| model.predictor.transformer.layers.1.attn                       |               787008 |                        0 |                        0 |       0 |
| model.predictor.transformer.layers.1.attn.norm                  |                  384 |                        0 |                        0 |       0 |
| model.predictor.transformer.layers.1.attn.attend                |                    0 |                        0 |                        0 |       0 |
| model.predictor.transformer.layers.1.attn.to_qkv                |               589824 |                        0 |                        0 |       0 |
| model.predictor.transformer.layers.1.attn.to_out                |               196800 |                        0 |                        0 |       0 |
| model.predictor.transformer.layers.1.attn.to_out.0              |               196800 |                        0 |                        0 |       0 |
| model.predictor.transformer.layers.1.attn.to_out.1              |                    0 |                        0 |                        0 |       0 |
| model.predictor.transformer.layers.1.mlp                        |               789056 |                        0 |                        0 |       0 |
| model.predictor.transformer.layers.1.mlp.net                    |               789056 |                        0 |                        0 |       0 |
| model.predictor.transformer.layers.1.mlp.net.0                  |                  384 |                        0 |                        0 |       0 |
| model.predictor.transformer.layers.1.mlp.net.1                  |               395264 |                        0 |                        0 |       0 |
| model.predictor.transformer.layers.1.mlp.net.2                  |                    0 |                        0 |                        0 |       0 |
| model.predictor.transformer.layers.1.mlp.net.3                  |                    0 |                        0 |                        0 |       0 |
| model.predictor.transformer.layers.1.mlp.net.4                  |               393408 |                        0 |                        0 |       0 |
| model.predictor.transformer.layers.1.mlp.net.5                  |                    0 |                        0 |                        0 |       0 |
| model.predictor.transformer.layers.1.norm1                      |                    0 |                        0 |                        0 |       0 |
| model.predictor.transformer.layers.1.norm2                      |                    0 |                        0 |                        0 |       0 |
| model.predictor.transformer.layers.1.adaLN_modulation           |               222336 |                        0 |                        0 |       0 |
| model.predictor.transformer.layers.1.adaLN_modulation.0         |                    0 |                        0 |                        0 |       0 |
| model.predictor.transformer.layers.1.adaLN_modulation.1         |               222336 |                        0 |                        0 |       0 |
| model.predictor.transformer.layers.2                            |              1798400 |                        0 |                        0 |       0 |
| model.predictor.transformer.layers.2.attn                       |               787008 |                        0 |                        0 |       0 |
| model.predictor.transformer.layers.2.attn.norm                  |                  384 |                        0 |                        0 |       0 |
| model.predictor.transformer.layers.2.attn.attend                |                    0 |                        0 |                        0 |       0 |
| model.predictor.transformer.layers.2.attn.to_qkv                |               589824 |                        0 |                        0 |       0 |
| model.predictor.transformer.layers.2.attn.to_out                |               196800 |                        0 |                        0 |       0 |
| model.predictor.transformer.layers.2.attn.to_out.0              |               196800 |                        0 |                        0 |       0 |
| model.predictor.transformer.layers.2.attn.to_out.1              |                    0 |                        0 |                        0 |       0 |
| model.predictor.transformer.layers.2.mlp                        |               789056 |                        0 |                        0 |       0 |
| model.predictor.transformer.layers.2.mlp.net                    |               789056 |                        0 |                        0 |       0 |
| model.predictor.transformer.layers.2.mlp.net.0                  |                  384 |                        0 |                        0 |       0 |
| model.predictor.transformer.layers.2.mlp.net.1                  |               395264 |                        0 |                        0 |       0 |
| model.predictor.transformer.layers.2.mlp.net.2                  |                    0 |                        0 |                        0 |       0 |
| model.predictor.transformer.layers.2.mlp.net.3                  |                    0 |                        0 |                        0 |       0 |
| model.predictor.transformer.layers.2.mlp.net.4                  |               393408 |                        0 |                        0 |       0 |
| model.predictor.transformer.layers.2.mlp.net.5                  |                    0 |                        0 |                        0 |       0 |
| model.predictor.transformer.layers.2.norm1                      |                    0 |                        0 |                        0 |       0 |
| model.predictor.transformer.layers.2.norm2                      |                    0 |                        0 |                        0 |       0 |
| model.predictor.transformer.layers.2.adaLN_modulation           |               222336 |                        0 |                        0 |       0 |
| model.predictor.transformer.layers.2.adaLN_modulation.0         |                    0 |                        0 |                        0 |       0 |
| model.predictor.transformer.layers.2.adaLN_modulation.1         |               222336 |                        0 |                        0 |       0 |
| model.predictor.transformer.layers.3                            |              1798400 |                        0 |                        0 |       0 |
| model.predictor.transformer.layers.3.attn                       |               787008 |                        0 |                        0 |       0 |
| model.predictor.transformer.layers.3.attn.norm                  |                  384 |                        0 |                        0 |       0 |
| model.predictor.transformer.layers.3.attn.attend                |                    0 |                        0 |                        0 |       0 |
| model.predictor.transformer.layers.3.attn.to_qkv                |               589824 |                        0 |                        0 |       0 |
| model.predictor.transformer.layers.3.attn.to_out                |               196800 |                        0 |                        0 |       0 |
| model.predictor.transformer.layers.3.attn.to_out.0              |               196800 |                        0 |                        0 |       0 |
| model.predictor.transformer.layers.3.attn.to_out.1              |                    0 |                        0 |                        0 |       0 |
| model.predictor.transformer.layers.3.mlp                        |               789056 |                        0 |                        0 |       0 |
| model.predictor.transformer.layers.3.mlp.net                    |               789056 |                        0 |                        0 |       0 |
| model.predictor.transformer.layers.3.mlp.net.0                  |                  384 |                        0 |                        0 |       0 |
| model.predictor.transformer.layers.3.mlp.net.1                  |               395264 |                        0 |                        0 |       0 |
| model.predictor.transformer.layers.3.mlp.net.2                  |                    0 |                        0 |                        0 |       0 |
| model.predictor.transformer.layers.3.mlp.net.3                  |                    0 |                        0 |                        0 |       0 |
| model.predictor.transformer.layers.3.mlp.net.4                  |               393408 |                        0 |                        0 |       0 |
| model.predictor.transformer.layers.3.mlp.net.5                  |                    0 |                        0 |                        0 |       0 |
| model.predictor.transformer.layers.3.norm1                      |                    0 |                        0 |                        0 |       0 |
| model.predictor.transformer.layers.3.norm2                      |                    0 |                        0 |                        0 |       0 |
| model.predictor.transformer.layers.3.adaLN_modulation           |               222336 |                        0 |                        0 |       0 |
| model.predictor.transformer.layers.3.adaLN_modulation.0         |                    0 |                        0 |                        0 |       0 |
| model.predictor.transformer.layers.3.adaLN_modulation.1         |               222336 |                        0 |                        0 |       0 |
| model.predictor.transformer.layers.4                            |              1798400 |                        0 |                        0 |       0 |
| model.predictor.transformer.layers.4.attn                       |               787008 |                        0 |                        0 |       0 |
| model.predictor.transformer.layers.4.attn.norm                  |                  384 |                        0 |                        0 |       0 |
| model.predictor.transformer.layers.4.attn.attend                |                    0 |                        0 |                        0 |       0 |
| model.predictor.transformer.layers.4.attn.to_qkv                |               589824 |                        0 |                        0 |       0 |
| model.predictor.transformer.layers.4.attn.to_out                |               196800 |                        0 |                        0 |       0 |
| model.predictor.transformer.layers.4.attn.to_out.0              |               196800 |                        0 |                        0 |       0 |
| model.predictor.transformer.layers.4.attn.to_out.1              |                    0 |                        0 |                        0 |       0 |
| model.predictor.transformer.layers.4.mlp                        |               789056 |                        0 |                        0 |       0 |
| model.predictor.transformer.layers.4.mlp.net                    |               789056 |                        0 |                        0 |       0 |
| model.predictor.transformer.layers.4.mlp.net.0                  |                  384 |                        0 |                        0 |       0 |
| model.predictor.transformer.layers.4.mlp.net.1                  |               395264 |                        0 |                        0 |       0 |
| model.predictor.transformer.layers.4.mlp.net.2                  |                    0 |                        0 |                        0 |       0 |
| model.predictor.transformer.layers.4.mlp.net.3                  |                    0 |                        0 |                        0 |       0 |
| model.predictor.transformer.layers.4.mlp.net.4                  |               393408 |                        0 |                        0 |       0 |
| model.predictor.transformer.layers.4.mlp.net.5                  |                    0 |                        0 |                        0 |       0 |
| model.predictor.transformer.layers.4.norm1                      |                    0 |                        0 |                        0 |       0 |
| model.predictor.transformer.layers.4.norm2                      |                    0 |                        0 |                        0 |       0 |
| model.predictor.transformer.layers.4.adaLN_modulation           |               222336 |                        0 |                        0 |       0 |
| model.predictor.transformer.layers.4.adaLN_modulation.0         |                    0 |                        0 |                        0 |       0 |
| model.predictor.transformer.layers.4.adaLN_modulation.1         |               222336 |                        0 |                        0 |       0 |
| model.predictor.transformer.layers.5                            |              1798400 |                        0 |                        0 |       0 |
| model.predictor.transformer.layers.5.attn                       |               787008 |                        0 |                        0 |       0 |
| model.predictor.transformer.layers.5.attn.norm                  |                  384 |                        0 |                        0 |       0 |
| model.predictor.transformer.layers.5.attn.attend                |                    0 |                        0 |                        0 |       0 |
| model.predictor.transformer.layers.5.attn.to_qkv                |               589824 |                        0 |                        0 |       0 |
| model.predictor.transformer.layers.5.attn.to_out                |               196800 |                        0 |                        0 |       0 |
| model.predictor.transformer.layers.5.attn.to_out.0              |               196800 |                        0 |                        0 |       0 |
| model.predictor.transformer.layers.5.attn.to_out.1              |                    0 |                        0 |                        0 |       0 |
| model.predictor.transformer.layers.5.mlp                        |               789056 |                        0 |                        0 |       0 |
| model.predictor.transformer.layers.5.mlp.net                    |               789056 |                        0 |                        0 |       0 |
| model.predictor.transformer.layers.5.mlp.net.0                  |                  384 |                        0 |                        0 |       0 |
| model.predictor.transformer.layers.5.mlp.net.1                  |               395264 |                        0 |                        0 |       0 |
| model.predictor.transformer.layers.5.mlp.net.2                  |                    0 |                        0 |                        0 |       0 |
| model.predictor.transformer.layers.5.mlp.net.3                  |                    0 |                        0 |                        0 |       0 |
| model.predictor.transformer.layers.5.mlp.net.4                  |               393408 |                        0 |                        0 |       0 |
| model.predictor.transformer.layers.5.mlp.net.5                  |                    0 |                        0 |                        0 |       0 |
| model.predictor.transformer.layers.5.norm1                      |                    0 |                        0 |                        0 |       0 |
| model.predictor.transformer.layers.5.norm2                      |                    0 |                        0 |                        0 |       0 |
| model.predictor.transformer.layers.5.adaLN_modulation           |               222336 |                        0 |                        0 |       0 |
| model.predictor.transformer.layers.5.adaLN_modulation.0         |                    0 |                        0 |                        0 |       0 |
| model.predictor.transformer.layers.5.adaLN_modulation.1         |               222336 |                        0 |                        0 |       0 |
| model.predictor.transformer.input_proj                          |                    0 |                        0 |                        0 |       0 |
| model.predictor.transformer.cond_proj                           |                    0 |                        0 |                        0 |       0 |
| model.predictor.transformer.output_proj                         |                    0 |                        0 |                        0 |       0 |
| model.pred_proj                                                 |               792768 |                        0 |                        0 |    4097 |
| model.pred_proj.net                                             |               792768 |                        0 |                        0 |    4097 |
| model.pred_proj.net.0                                           |               395264 |                        0 |                        0 |       0 |
| model.pred_proj.net.1                                           |                 4096 |                        0 |                        0 |    4097 |
| model.pred_proj.net.2                                           |                    0 |                        0 |                        0 |       0 |
| model.pred_proj.net.3                                           |               393408 |                        0 |                        0 |       0 |
+-----------------------------------------------------------------+----------------------+--------------------------+--------------------------+---------+
02:12:14.765 | INFO    (363195, stable_pretraining.callbacks.trainer_info) | ---- SLURM INFO ---- 🔧
02:12:14.765 | INFO    (363195, stable_pretraining.callbacks.trainer_info) | Job ID: 2132181
02:12:14.765 | INFO    (363195, stable_pretraining.callbacks.trainer_info) | Task ID: N/A
02:12:14.765 | INFO    (363195, stable_pretraining.callbacks.trainer_info) | Job Name: hwm_train
02:12:14.765 | INFO    (363195, stable_pretraining.callbacks.trainer_info) | Nodes: 1
02:12:14.765 | INFO    (363195, stable_pretraining.callbacks.trainer_info) | Tasks: 1
02:12:14.765 | INFO    (363195, stable_pretraining.callbacks.trainer_info) | CPUs per node: 8
02:12:14.765 | INFO    (363195, stable_pretraining.callbacks.trainer_info) | CPUs per task: 8
02:12:14.765 | INFO    (363195, stable_pretraining.callbacks.trainer_info) | Memory per node: 65536
02:12:14.765 | INFO    (363195, stable_pretraining.callbacks.trainer_info) | Memory per CPU: N/A
02:12:14.765 | INFO    (363195, stable_pretraining.callbacks.trainer_info) | Time limit: N/A
02:12:14.765 | INFO    (363195, stable_pretraining.callbacks.trainer_info) | Partition: gpu
02:12:14.765 | INFO    (363195, stable_pretraining.callbacks.trainer_info) | Node List: gpu3104
02:12:14.765 | INFO    (363195, stable_pretraining.callbacks.trainer_info) | Submit Directory: /oscar/scratch/yliu674/le-wm-me
02:12:14.766 | INFO    (363195, stable_pretraining.callbacks.cpu_offload) | CPUOffloadCallback: Setup called for stage 'fit'
02:12:14.766 | INFO    (363195, stable_pretraining.callbacks.cpu_offload) |   - Trainer rank: 0/1
02:12:14.766 | INFO    (363195, stable_pretraining.callbacks.cpu_offload) |   - Strategy: SingleDeviceStrategy
02:12:14.766 | SUCCESS (363195, stable_pretraining.callbacks.cpu_offload) | ✓ Strategy 'SingleDeviceStrategy' is compatible with CPU offload
02:12:14.766 | SUCCESS (363195, stable_pretraining.callbacks.cpu_offload) | ✓ CPUOffloadCallback ENABLED for strategy 'SingleDeviceStrategy'
02:12:14.766 | INFO    (363195, stable_pretraining.callbacks.cpu_offload) |   - This rank will handle checkpoint saving and CPU offload
02:12:14.813 | WARNING (363195, stable_pretraining.callbacks.env_info) |      ⚠️  pip freeze failed: Command '['/oscar/scratch/yliu674/.venv/bin/python', '-m', 'pip', 'freeze']' returned non-zero exit status 1.
02:12:14.813 | SUCCESS (363195, stable_pretraining.callbacks.env_info) |   ✓ Packages: 0 packages collected in 0.07s
02:12:14.844 | SUCCESS (363195, stable_pretraining.callbacks.env_info) |   ✓ NVIDIA Driver: 575.57.08
02:12:14.941 | SUCCESS (363195, stable_pretraining.callbacks.env_info) |   ✓ Git: test-hwm @ 408deec9
02:12:14.941 | INFO    (363195, stable_pretraining.callbacks.env_info) |      Remote: git@github.com:Ahhhh2016/le-wm-me.git
02:12:14.941 | WARNING (363195, stable_pretraining.callbacks.env_info) |      ⚠️  Working directory has uncommitted changes!
02:12:14.941 | SUCCESS (363195, stable_pretraining.callbacks.env_info) |   ✓ SLURM Job: 2132181
02:12:14.942 | INFO    (363195, stable_pretraining.callbacks.env_info) |      Name: hwm_train
02:12:14.942 | INFO    (363195, stable_pretraining.callbacks.env_info) |      Partition: gpu
02:12:14.942 | INFO    (363195, stable_pretraining.callbacks.env_info) |      Nodes: 1
02:12:14.942 | INFO    (363195, stable_pretraining.callbacks.env_info) |      Tasks: 1
02:12:14.942 | SUCCESS (363195, stable_pretraining.callbacks.env_info) |   ✓ Environment: 4 relevant variables captured
02:12:14.942 | INFO    (363195, stable_pretraining.callbacks.env_info) | 🔄 Serializing environment data...
02:12:14.943 | INFO    (363195, stable_pretraining.callbacks.env_info) | 📋 File exists, using version 6: environment_v6.json
02:12:14.945 | INFO    (363195, stable_pretraining.callbacks.env_info) | 📋 File exists, using version 6: requirements_frozen_v6.txt
02:12:14.945 | INFO    (363195, stable_pretraining.callbacks.env_info) | 📁 Save directory: /oscar/scratch/yliu674/le-wm-me
02:12:14.945 | INFO    (363195, stable_pretraining.callbacks.env_info) | 💾 Writing environment to temp file...
02:12:14.946 | INFO    (363195, stable_pretraining.callbacks.env_info) | 💾 Moving to: environment_v6.json
02:12:14.952 | SUCCESS (363195, stable_pretraining.callbacks.env_info) | ✓ Environment file saved (1.9 KB)
02:12:14.959 | SUCCESS (363195, stable_pretraining.callbacks.env_info) | ✓ Requirements file saved (0.1 KB)
02:12:15.305 | INFO    (363195, stable_pretraining.callbacks.checkpoint_sklearn) | Checking for non PyTorch modules to load... 🔧
02:12:15.306 | INFO    (363195, stable_pretraining.callbacks.checkpoint_sklearn) | Checking for Wandb init params... 🔧
02:12:15.306 | INFO    (363195, stable_pretraining.callbacks.checkpoint_sklearn) | Wandb info in checkpoint!!! Restoring same run... 🔧
02:12:15.306 | INFO    (363195, stable_pretraining.callbacks.checkpoint_sklearn) | Trainer has a WandbLogger!
02:12:15.306 | INFO    (363195, stable_pretraining.callbacks.checkpoint_sklearn) | Deleting current run yixuan_liu1-brown-university/lewm/tbgo3796... 🔧
02:12:17.560 | INFO    (363195, stable_pretraining.callbacks.checkpoint_sklearn) | New run yixuan_liu1-brown-university/lewm/i9bnj948... 🔧
02:12:17.561 | INFO    (363195, stable_pretraining.callbacks.cpu_offload) | CPUOffloadCallback: Loading state from checkpoint
02:12:17.561 | INFO    (363195, stable_pretraining.callbacks.cpu_offload) | Restored state:
02:12:17.561 | INFO    (363195, stable_pretraining.callbacks.cpu_offload) |   - Checkpoint count: 199
02:12:17.561 | INFO    (363195, stable_pretraining.callbacks.cpu_offload) |   - Total time saved: 11.22s
02:12:17.561 | INFO    (363195, stable_pretraining.callbacks.cpu_offload) |   - Total memory freed: 0.00 GB
02:12:17.561 | INFO    (363195, stable_pretraining.callbacks.cpu_offload) |   - Was enabled: True
02:12:17.582 | INFO    (363195, stable_pretraining.module) | Configuring optimizers and learning rate schedulers...
02:12:17.583 | INFO    (363195, stable_pretraining.module) | 	Optimizer specified by Dict with keys ['model_opt']... 🔧
02:12:17.585 | INFO    (363195, stable_pretraining.module) | 
┏━━━━━━━━━━━━━┳━━━━━━━━━━━┳━━━━━━━━━━━━━━━━━━━┳━━━━━━━━━━━━━━━━━┳━━━━━━━━━━━━━━━━┳━━━━━━━━━━━━━━━━━━━━━━━━┓
┃ Optimizer   ┃ Pattern   ┃   Matched Modules ┃   Param Tensors ┃   Total Params ┃   RequiresGrad Tensors ┃
┣━━━━━━━━━━━━━╋━━━━━━━━━━━╋━━━━━━━━━━━━━━━━━━━╋━━━━━━━━━━━━━━━━━╋━━━━━━━━━━━━━━━━╋━━━━━━━━━━━━━━━━━━━━━━━━┫
┃ model_opt   ┃ model     ┃               391 ┃             325 ┃       17991434 ┃                    121 ┃
┗━━━━━━━━━━━━━┻━━━━━━━━━━━┻━━━━━━━━━━━━━━━━━━━┻━━━━━━━━━━━━━━━━━┻━━━━━━━━━━━━━━━━┻━━━━━━━━━━━━━━━━━━━━━━━━┛
02:12:17.585 | INFO    (363195, stable_pretraining.optim.lr_scheduler) | 	User provided a dict
02:12:17.755 | INFO    (363195, stable_pretraining.module) | Configured optimizer 'model_opt' (modules=391, param_tensors=325, total_params=17991434) with LinearWarmupCosineAnnealingLR scheduler.
02:12:17.760 | WARNING (363195, stable_pretraining.module) | You are calling self.parameters which also gives callbacks parameters, to remove then, pass `with_callbacks=False`
02:12:17.762 | WARNING (363195, stable_pretraining.module) | You are calling self.parameters which also gives callbacks parameters, to remove then, pass `with_callbacks=False`
02:12:17.763 | WARNING (363195, stable_pretraining.module) | You are calling self.parameters which also gives callbacks parameters, to remove then, pass `with_callbacks=False`
02:12:17.763 | WARNING (363195, stable_pretraining.module) | You are calling self.parameters which also gives callbacks parameters, to remove then, pass `with_callbacks=False`
┏━━━┳━━━━━━━━━━━━━━━━━━━┳━━━━━━━━━━━━━━━━━━━━━┳━━━━━━━━┳━━━━━━━┳━━━━━━━┓
┃   ┃ Name              ┃ Type                ┃ Params ┃ Mode  ┃ FLOPs ┃
┡━━━╇━━━━━━━━━━━━━━━━━━━╇━━━━━━━━━━━━━━━━━━━━━╇━━━━━━━━╇━━━━━━━╇━━━━━━━┩
│ 0 │ callbacks_modules │ ModuleDict          │      0 │ train │     0 │
│ 1 │ callbacks_metrics │ ModuleDict          │      0 │ train │     0 │
│ 2 │ model             │ HighLevelWorldModel │ 18.0 M │ train │     0 │
└───┴───────────────────┴─────────────────────┴────────┴───────┴───────┘
Trainable params: 11.7 M                                                        
Non-trainable params: 6.3 M                                                     
Total params: 18.0 M                                                            
Total estimated model params size (MB): 71                                      
Modules in train mode: 175                                                      
Modules in eval mode: 218                                                       
Total FLOPs: 0                                                                  
02:12:17.800 | WARNING (363195, stable_pretraining.module) | You are calling self.parameters which also gives callbacks parameters, to remove then, pass `with_callbacks=False`
02:12:27.127 | INFO    (363195, stable_pretraining.callbacks.trainer_info) | \n+------------------------------------+-----------------------+
|               Metric               |         Value         |
+------------------------------------+-----------------------+
|           [0;34;40mvalidate/L_tf[0m            |       [0;32;40m0.38671875[0m      |
|        [0;34;40mvalidate/L_tf_epoch[0m         |       [0;32;40m0.38671875[0m      |
|           [0;34;40mvalidate/L_var[0m           |          [0;32;40m1.0[0m          |
|        [0;34;40mvalidate/L_var_epoch[0m        |          [0;32;40m1.0[0m          |
|    [0;34;40mvalidate/debug_l_raw_abs_max[0m    |          [0;32;40m0.0[0m          |
| [0;34;40mvalidate/debug_l_raw_abs_max_epoch[0m |          [0;32;40m0.0[0m          |
|         [0;34;40mvalidate/gate_mean[0m         |     [0;32;40m0.035888671875[0m    |
|      [0;34;40mvalidate/gate_mean_epoch[0m      |     [0;32;40m0.035888671875[0m    |
|           [0;34;40mvalidate/loss[0m            |      [0;32;40m0.486328125[0m      |
|        [0;34;40mvalidate/loss_epoch[0m         |      [0;32;40m0.486328125[0m      |
|         [0;34;40mvalidate/macro_max[0m         |          [0;32;40m0.0[0m          |
|      [0;34;40mvalidate/macro_max_epoch[0m      |          [0;32;40m0.0[0m          |
|         [0;34;40mvalidate/macro_min[0m         |          [0;32;40m0.0[0m          |
|      [0;34;40mvalidate/macro_min_epoch[0m      |          [0;32;40m0.0[0m          |
|        [0;34;40mvalidate/macro_norm[0m         |          [0;32;40m0.0[0m          |
|     [0;34;40mvalidate/macro_norm_epoch[0m      |          [0;32;40m0.0[0m          |
|     [0;34;40mvalidate/macro_per_dim_std[0m     |          [0;32;40m0.0[0m          |
|  [0;34;40mvalidate/macro_per_dim_std_epoch[0m  |          [0;32;40m0.0[0m          |
|      [0;34;40mvalidate/macro_std_mean[0m       | [0;32;40m9.983816653402755e-07[0m |
|   [0;34;40mvalidate/macro_std_mean_epoch[0m    | [0;32;40m9.983816653402755e-07[0m |
+------------------------------------+-----------------------+

02:12:27.339 | INFO    (363195, stable_pretraining.callbacks.cpu_offload) | CPUOffloadCallback: Teardown called for stage 'fit'
[1;34mwandb[0m: 
[1;34mwandb[0m: 🚀 View run [33mhwm[0m at: [34mhttps://wandb.ai/yixuan_liu1-brown-university/lewm/runs/i9bnj948[0m
============================================
Finished:  Fri May  1 02:12:31 AM EDT 2026
============================================
