## SLURM PROLOG ###############################################################
##    Job ID : 1806473
##  Job Name : lewm_train
##  Nodelist : gpu2708
##      CPUs : 8
##  Mem/Node : 65536 MB
## Directory : /oscar/scratch/yliu674/le-wm-me
##   Job Started : Mon Apr 20 04:21:34 PM EDT 2026
###############################################################################
============================================
Job ID:    1806473
Data:      pusht
Extra:     
Node:      gpu2708.oscar.ccv.brown.edu
Started:   Mon Apr 20 04:21:34 PM EDT 2026
GPU:       NVIDIA L40S
============================================
python: /oscar/scratch/yliu674/.venv/bin/python  (Python 3.10.20)
sys.executable = /oscar/scratch/yliu674/.venv/bin/python
datasets 4.8.4 at /oscar/scratch/yliu674/.venv/lib/python3.10/site-packages/datasets
datasets.config OK
stable_pretraining OK, torch 2.11.0+cu130 cuda True
STABLEWM_HOME = /users/yliu674/scratch/le-wm-me/lewm-pusht
data: /users/yliu674/scratch/le-wm-me/lewm-pusht/pusht_expert_train.h5 (44G)
[2026-04-20 16:22:47,867][root][INFO] - Cached 'action' from '/users/yliu674/scratch/le-wm-me/lewm-pusht/pusht_expert_train.h5'
[2026-04-20 16:22:47,867][root][INFO] - Cached 'action' from '/users/yliu674/scratch/le-wm-me/lewm-pusht/pusht_expert_train.h5'
[2026-04-20 16:22:47,867][root][INFO] - Cached 'action' from '/users/yliu674/scratch/le-wm-me/lewm-pusht/pusht_expert_train.h5'
[2026-04-20 16:22:47,867][root][INFO] - Cached 'action' from '/users/yliu674/scratch/le-wm-me/lewm-pusht/pusht_expert_train.h5'
[2026-04-20 16:22:47,867][root][INFO] - Cached 'action' from '/users/yliu674/scratch/le-wm-me/lewm-pusht/pusht_expert_train.h5'
[2026-04-20 16:22:47,867][root][INFO] - Cached 'action' from '/users/yliu674/scratch/le-wm-me/lewm-pusht/pusht_expert_train.h5'
[2026-04-20 16:22:47,867][root][INFO] - Cached 'action' from '/users/yliu674/scratch/le-wm-me/lewm-pusht/pusht_expert_train.h5'
[2026-04-20 16:22:47,869][root][INFO] - Cached 'action' from '/users/yliu674/scratch/le-wm-me/lewm-pusht/pusht_expert_train.h5'
[2026-04-20 16:22:51,761][root][INFO] - Cached 'proprio' from '/users/yliu674/scratch/le-wm-me/lewm-pusht/pusht_expert_train.h5'
[2026-04-20 16:22:51,761][root][INFO] - Cached 'proprio' from '/users/yliu674/scratch/le-wm-me/lewm-pusht/pusht_expert_train.h5'
[2026-04-20 16:22:51,761][root][INFO] - Cached 'proprio' from '/users/yliu674/scratch/le-wm-me/lewm-pusht/pusht_expert_train.h5'
[2026-04-20 16:22:51,761][root][INFO] - Cached 'proprio' from '/users/yliu674/scratch/le-wm-me/lewm-pusht/pusht_expert_train.h5'
[2026-04-20 16:22:51,761][root][INFO] - Cached 'proprio' from '/users/yliu674/scratch/le-wm-me/lewm-pusht/pusht_expert_train.h5'
[2026-04-20 16:22:51,761][root][INFO] - Cached 'proprio' from '/users/yliu674/scratch/le-wm-me/lewm-pusht/pusht_expert_train.h5'
[2026-04-20 16:22:51,761][root][INFO] - Cached 'proprio' from '/users/yliu674/scratch/le-wm-me/lewm-pusht/pusht_expert_train.h5'
[2026-04-20 16:22:51,761][root][INFO] - Cached 'proprio' from '/users/yliu674/scratch/le-wm-me/lewm-pusht/pusht_expert_train.h5'
[2026-04-20 16:22:55,670][root][INFO] - Cached 'state' from '/users/yliu674/scratch/le-wm-me/lewm-pusht/pusht_expert_train.h5'
[2026-04-20 16:22:55,670][root][INFO] - Cached 'state' from '/users/yliu674/scratch/le-wm-me/lewm-pusht/pusht_expert_train.h5'
[2026-04-20 16:22:55,670][root][INFO] - Cached 'state' from '/users/yliu674/scratch/le-wm-me/lewm-pusht/pusht_expert_train.h5'
[2026-04-20 16:22:55,670][root][INFO] - Cached 'state' from '/users/yliu674/scratch/le-wm-me/lewm-pusht/pusht_expert_train.h5'
[2026-04-20 16:22:55,670][root][INFO] - Cached 'state' from '/users/yliu674/scratch/le-wm-me/lewm-pusht/pusht_expert_train.h5'
[2026-04-20 16:22:55,670][root][INFO] - Cached 'state' from '/users/yliu674/scratch/le-wm-me/lewm-pusht/pusht_expert_train.h5'
[2026-04-20 16:22:55,670][root][INFO] - Cached 'state' from '/users/yliu674/scratch/le-wm-me/lewm-pusht/pusht_expert_train.h5'
[2026-04-20 16:22:55,670][root][INFO] - Cached 'state' from '/users/yliu674/scratch/le-wm-me/lewm-pusht/pusht_expert_train.h5'
16:22:56.532 | INFO    (1993153, stable_pretraining.backbone.utils) | Created ViT-tiny from scratch with config: {'hidden_size': 192, 'num_hidden_layers': 12, 'num_attention_heads': 3, 'intermediate_size': 768, 'image_size': 224, 'patch_size': 14}
16:22:56.533 | INFO    (1993159, stable_pretraining.backbone.utils) | Created ViT-tiny from scratch with config: {'hidden_size': 192, 'num_hidden_layers': 12, 'num_attention_heads': 3, 'intermediate_size': 768, 'image_size': 224, 'patch_size': 14}
16:22:56.533 | INFO    (1993160, stable_pretraining.backbone.utils) | Created ViT-tiny from scratch with config: {'hidden_size': 192, 'num_hidden_layers': 12, 'num_attention_heads': 3, 'intermediate_size': 768, 'image_size': 224, 'patch_size': 14}
16:22:56.550 | INFO    (1993154, stable_pretraining.backbone.utils) | Created ViT-tiny from scratch with config: {'hidden_size': 192, 'num_hidden_layers': 12, 'num_attention_heads': 3, 'intermediate_size': 768, 'image_size': 224, 'patch_size': 14}
16:22:56.556 | INFO    (1993155, stable_pretraining.backbone.utils) | Created ViT-tiny from scratch with config: {'hidden_size': 192, 'num_hidden_layers': 12, 'num_attention_heads': 3, 'intermediate_size': 768, 'image_size': 224, 'patch_size': 14}
16:22:56.556 | INFO    (1993156, stable_pretraining.backbone.utils) | Created ViT-tiny from scratch with config: {'hidden_size': 192, 'num_hidden_layers': 12, 'num_attention_heads': 3, 'intermediate_size': 768, 'image_size': 224, 'patch_size': 14}
16:22:56.556 | INFO    (1993158, stable_pretraining.backbone.utils) | Created ViT-tiny from scratch with config: {'hidden_size': 192, 'num_hidden_layers': 12, 'num_attention_heads': 3, 'intermediate_size': 768, 'image_size': 224, 'patch_size': 14}
16:22:56.558 | INFO    (1993157, stable_pretraining.backbone.utils) | Created ViT-tiny from scratch with config: {'hidden_size': 192, 'num_hidden_layers': 12, 'num_attention_heads': 3, 'intermediate_size': 768, 'image_size': 224, 'patch_size': 14}
16:22:56.594 | INFO    (1993160, stable_pretraining.data.module) | Setting up DataModule
16:22:56.594 | INFO    (1993153, stable_pretraining.data.module) | Setting up DataModule
16:22:56.594 | INFO    (1993159, stable_pretraining.data.module) | Setting up DataModule
16:22:56.610 | INFO    (1993154, stable_pretraining.data.module) | Setting up DataModule
16:22:56.612 | INFO    (1993153, stable_pretraining.module) | Initializing Module configuration...
16:22:56.612 | INFO    (1993154, stable_pretraining.module) | Initializing Module configuration...
16:22:56.612 | INFO    (1993159, stable_pretraining.module) | Initializing Module configuration...
16:22:56.612 | INFO    (1993160, stable_pretraining.module) | Initializing Module configuration...
16:22:56.612 | WARNING (1993153, stable_pretraining.module) | No hyperparameters provided - hyperparameter logging is disabled.
16:22:56.612 | WARNING (1993159, stable_pretraining.module) | No hyperparameters provided - hyperparameter logging is disabled.
16:22:56.612 | WARNING (1993154, stable_pretraining.module) | No hyperparameters provided - hyperparameter logging is disabled.
16:22:56.612 | WARNING (1993160, stable_pretraining.module) | No hyperparameters provided - hyperparameter logging is disabled.
16:22:56.613 | INFO    (1993159, stable_pretraining.module) | Setting custom forward method.
16:22:56.613 | INFO    (1993154, stable_pretraining.module) | Setting custom forward method.
16:22:56.613 | INFO    (1993160, stable_pretraining.module) | Setting custom forward method.
16:22:56.613 | INFO    (1993159, stable_pretraining.module) | Setting attribute: self.model = <class 'jepa.JEPA'>
16:22:56.613 | INFO    (1993159, stable_pretraining.module) | Setting attribute: self.sigreg = <class 'module.SIGReg'>
16:22:56.613 | INFO    (1993156, stable_pretraining.data.module) | Setting up DataModule
16:22:56.613 | INFO    (1993159, stable_pretraining.module) | Setting attribute: self.optim = <class 'dict'>
16:22:56.613 | INFO    (1993160, stable_pretraining.module) | Setting attribute: self.model = <class 'jepa.JEPA'>
16:22:56.613 | INFO    (1993153, stable_pretraining.module) | Setting custom forward method.
16:22:56.613 | INFO    (1993154, stable_pretraining.module) | Setting attribute: self.model = <class 'jepa.JEPA'>
16:22:56.613 | INFO    (1993153, stable_pretraining.module) | Setting attribute: self.model = <class 'jepa.JEPA'>
16:22:56.613 | INFO    (1993154, stable_pretraining.module) | Setting attribute: self.sigreg = <class 'module.SIGReg'>
16:22:56.613 | INFO    (1993153, stable_pretraining.module) | Setting attribute: self.sigreg = <class 'module.SIGReg'>
16:22:56.613 | INFO    (1993154, stable_pretraining.module) | Setting attribute: self.optim = <class 'dict'>
16:22:56.613 | INFO    (1993153, stable_pretraining.module) | Setting attribute: self.optim = <class 'dict'>
16:22:56.613 | INFO    (1993154, stable_pretraining.module) | No metrics configuration provided - automatic metric tracking is disabled.
16:22:56.613 | INFO    (1993160, stable_pretraining.module) | Setting attribute: self.sigreg = <class 'module.SIGReg'>
16:22:56.613 | INFO    (1993159, stable_pretraining.module) | No metrics configuration provided - automatic metric tracking is disabled.
16:22:56.613 | INFO    (1993160, stable_pretraining.module) | Setting attribute: self.optim = <class 'dict'>
16:22:56.614 | INFO    (1993153, stable_pretraining.module) | No metrics configuration provided - automatic metric tracking is disabled.
16:22:56.613 | INFO    (1993158, stable_pretraining.data.module) | Setting up DataModule
16:22:56.614 | INFO    (1993160, stable_pretraining.module) | No metrics configuration provided - automatic metric tracking is disabled.
16:22:56.614 | INFO    (1993156, stable_pretraining.module) | Initializing Module configuration...
16:22:56.614 | WARNING (1993156, stable_pretraining.module) | No hyperparameters provided - hyperparameter logging is disabled.
16:22:56.614 | INFO    (1993155, stable_pretraining.data.module) | Setting up DataModule
16:22:56.614 | INFO    (1993158, stable_pretraining.module) | Initializing Module configuration...
16:22:56.614 | WARNING (1993158, stable_pretraining.module) | No hyperparameters provided - hyperparameter logging is disabled.
16:22:56.614 | INFO    (1993156, stable_pretraining.module) | Setting custom forward method.
16:22:56.614 | INFO    (1993156, stable_pretraining.module) | Setting attribute: self.model = <class 'jepa.JEPA'>
16:22:56.614 | INFO    (1993156, stable_pretraining.module) | Setting attribute: self.sigreg = <class 'module.SIGReg'>
16:22:56.615 | INFO    (1993156, stable_pretraining.module) | Setting attribute: self.optim = <class 'dict'>
16:22:56.615 | INFO    (1993156, stable_pretraining.module) | No metrics configuration provided - automatic metric tracking is disabled.
16:22:56.615 | INFO    (1993155, stable_pretraining.module) | Initializing Module configuration...
16:22:56.615 | INFO    (1993158, stable_pretraining.module) | Setting custom forward method.
16:22:56.615 | INFO    (1993158, stable_pretraining.module) | Setting attribute: self.model = <class 'jepa.JEPA'>
16:22:56.615 | INFO    (1993158, stable_pretraining.module) | Setting attribute: self.sigreg = <class 'module.SIGReg'>
16:22:56.615 | WARNING (1993155, stable_pretraining.module) | No hyperparameters provided - hyperparameter logging is disabled.
16:22:56.615 | INFO    (1993158, stable_pretraining.module) | Setting attribute: self.optim = <class 'dict'>
16:22:56.615 | INFO    (1993158, stable_pretraining.module) | No metrics configuration provided - automatic metric tracking is disabled.
16:22:56.615 | INFO    (1993155, stable_pretraining.module) | Setting custom forward method.
16:22:56.615 | INFO    (1993155, stable_pretraining.module) | Setting attribute: self.model = <class 'jepa.JEPA'>
16:22:56.615 | INFO    (1993155, stable_pretraining.module) | Setting attribute: self.sigreg = <class 'module.SIGReg'>
16:22:56.616 | INFO    (1993155, stable_pretraining.module) | Setting attribute: self.optim = <class 'dict'>
16:22:56.616 | INFO    (1993155, stable_pretraining.module) | No metrics configuration provided - automatic metric tracking is disabled.
16:22:56.616 | INFO    (1993157, stable_pretraining.data.module) | Setting up DataModule
16:22:56.617 | INFO    (1993157, stable_pretraining.module) | Initializing Module configuration...
16:22:56.617 | WARNING (1993157, stable_pretraining.module) | No hyperparameters provided - hyperparameter logging is disabled.
16:22:56.617 | INFO    (1993157, stable_pretraining.module) | Setting custom forward method.
16:22:56.618 | INFO    (1993157, stable_pretraining.module) | Setting attribute: self.model = <class 'jepa.JEPA'>
16:22:56.618 | INFO    (1993157, stable_pretraining.module) | Setting attribute: self.sigreg = <class 'module.SIGReg'>
16:22:56.618 | INFO    (1993157, stable_pretraining.module) | Setting attribute: self.optim = <class 'dict'>
16:22:56.618 | INFO    (1993157, stable_pretraining.module) | No metrics configuration provided - automatic metric tracking is disabled.
[1;34mwandb[0m: 
============================================
Finished:  Mon Apr 20 04:23:02 PM EDT 2026
============================================
