wandb: WARNING The anonymous setting has no effect and will be removed in a future version.
Error executing job with overrides: ['data=pusht']
Error executing job with overrides: ['data=pusht']
Error executing job with overrides: ['data=pusht']
Error executing job with overrides: ['data=pusht']
Error executing job with overrides: ['data=pusht']
Error executing job with overrides: ['data=pusht']
Error executing job with overrides: ['data=pusht']
Traceback (most recent call last):
Traceback (most recent call last):
Traceback (most recent call last):
Traceback (most recent call last):
Traceback (most recent call last):
Traceback (most recent call last):
Traceback (most recent call last):
  File "/oscar/scratch/yliu674/le-wm-me/train.py", line 163, in run
    trainer = pl.Trainer(
  File "/oscar/scratch/yliu674/le-wm-me/train.py", line 163, in run
    trainer = pl.Trainer(
  File "/oscar/scratch/yliu674/le-wm-me/train.py", line 163, in run
    trainer = pl.Trainer(
  File "/oscar/scratch/yliu674/.venv/lib/python3.10/site-packages/lightning/pytorch/utilities/argparse.py", line 70, in insert_env_defaults
    return fn(self, **kwargs)
  File "/oscar/scratch/yliu674/le-wm-me/train.py", line 163, in run
    trainer = pl.Trainer(
  File "/oscar/scratch/yliu674/.venv/lib/python3.10/site-packages/lightning/pytorch/utilities/argparse.py", line 70, in insert_env_defaults
    return fn(self, **kwargs)
  File "/oscar/scratch/yliu674/.venv/lib/python3.10/site-packages/lightning/pytorch/trainer/trainer.py", line 417, in __init__
    self._accelerator_connector = _AcceleratorConnector(
  File "/oscar/scratch/yliu674/.venv/lib/python3.10/site-packages/lightning/pytorch/trainer/connectors/accelerator_connector.py", line 148, in __init__
    self.cluster_environment: ClusterEnvironment = self._choose_and_init_cluster_environment()
  File "/oscar/scratch/yliu674/.venv/lib/python3.10/site-packages/lightning/pytorch/utilities/argparse.py", line 70, in insert_env_defaults
    return fn(self, **kwargs)
  File "/oscar/scratch/yliu674/.venv/lib/python3.10/site-packages/lightning/pytorch/trainer/trainer.py", line 417, in __init__
    self._accelerator_connector = _AcceleratorConnector(
  File "/oscar/scratch/yliu674/le-wm-me/train.py", line 163, in run
    trainer = pl.Trainer(
  File "/oscar/scratch/yliu674/.venv/lib/python3.10/site-packages/lightning/pytorch/utilities/argparse.py", line 70, in insert_env_defaults
    return fn(self, **kwargs)
  File "/oscar/scratch/yliu674/.venv/lib/python3.10/site-packages/lightning/pytorch/trainer/trainer.py", line 417, in __init__
    self._accelerator_connector = _AcceleratorConnector(
  File "/oscar/scratch/yliu674/.venv/lib/python3.10/site-packages/lightning/pytorch/trainer/connectors/accelerator_connector.py", line 148, in __init__
    self.cluster_environment: ClusterEnvironment = self._choose_and_init_cluster_environment()
  File "/oscar/scratch/yliu674/.venv/lib/python3.10/site-packages/lightning/pytorch/trainer/connectors/accelerator_connector.py", line 397, in _choose_and_init_cluster_environment
    return env_type()
  File "/oscar/scratch/yliu674/.venv/lib/python3.10/site-packages/lightning/pytorch/utilities/argparse.py", line 70, in insert_env_defaults
    return fn(self, **kwargs)
  File "/oscar/scratch/yliu674/.venv/lib/python3.10/site-packages/lightning/pytorch/trainer/trainer.py", line 417, in __init__
    self._accelerator_connector = _AcceleratorConnector(
  File "/oscar/scratch/yliu674/.venv/lib/python3.10/site-packages/lightning/pytorch/trainer/connectors/accelerator_connector.py", line 148, in __init__
    self.cluster_environment: ClusterEnvironment = self._choose_and_init_cluster_environment()
  File "/oscar/scratch/yliu674/.venv/lib/python3.10/site-packages/lightning/pytorch/trainer/connectors/accelerator_connector.py", line 397, in _choose_and_init_cluster_environment
    return env_type()
  File "/oscar/scratch/yliu674/.venv/lib/python3.10/site-packages/lightning/fabric/plugins/environments/slurm.py", line 54, in __init__
    self._validate_srun_variables()
  File "/oscar/scratch/yliu674/.venv/lib/python3.10/site-packages/lightning/pytorch/trainer/connectors/accelerator_connector.py", line 148, in __init__
    self.cluster_environment: ClusterEnvironment = self._choose_and_init_cluster_environment()
  File "/oscar/scratch/yliu674/.venv/lib/python3.10/site-packages/lightning/pytorch/trainer/connectors/accelerator_connector.py", line 397, in _choose_and_init_cluster_environment
    return env_type()
  File "/oscar/scratch/yliu674/.venv/lib/python3.10/site-packages/lightning/pytorch/trainer/trainer.py", line 417, in __init__
    self._accelerator_connector = _AcceleratorConnector(
  File "/oscar/scratch/yliu674/.venv/lib/python3.10/site-packages/lightning/pytorch/trainer/connectors/accelerator_connector.py", line 148, in __init__
    self.cluster_environment: ClusterEnvironment = self._choose_and_init_cluster_environment()
  File "/oscar/scratch/yliu674/.venv/lib/python3.10/site-packages/lightning/pytorch/trainer/connectors/accelerator_connector.py", line 397, in _choose_and_init_cluster_environment
    return env_type()
  File "/oscar/scratch/yliu674/le-wm-me/train.py", line 163, in run
    trainer = pl.Trainer(
  File "/oscar/scratch/yliu674/.venv/lib/python3.10/site-packages/lightning/fabric/plugins/environments/slurm.py", line 54, in __init__
    self._validate_srun_variables()
  File "/oscar/scratch/yliu674/.venv/lib/python3.10/site-packages/lightning/fabric/plugins/environments/slurm.py", line 221, in _validate_srun_variables
    raise RuntimeError(
  File "/oscar/scratch/yliu674/.venv/lib/python3.10/site-packages/lightning/pytorch/trainer/connectors/accelerator_connector.py", line 397, in _choose_and_init_cluster_environment
    return env_type()
  File "/oscar/scratch/yliu674/.venv/lib/python3.10/site-packages/lightning/fabric/plugins/environments/slurm.py", line 54, in __init__
    self._validate_srun_variables()
  File "/oscar/scratch/yliu674/.venv/lib/python3.10/site-packages/lightning/fabric/plugins/environments/slurm.py", line 221, in _validate_srun_variables
    raise RuntimeError(
  File "/oscar/scratch/yliu674/.venv/lib/python3.10/site-packages/lightning/fabric/plugins/environments/slurm.py", line 54, in __init__
    self._validate_srun_variables()
  File "/oscar/scratch/yliu674/.venv/lib/python3.10/site-packages/lightning/fabric/plugins/environments/slurm.py", line 221, in _validate_srun_variables
    raise RuntimeError(
  File "/oscar/scratch/yliu674/.venv/lib/python3.10/site-packages/lightning/fabric/plugins/environments/slurm.py", line 54, in __init__
    self._validate_srun_variables()
  File "/oscar/scratch/yliu674/.venv/lib/python3.10/site-packages/lightning/fabric/plugins/environments/slurm.py", line 221, in _validate_srun_variables
    raise RuntimeError(
  File "/oscar/scratch/yliu674/.venv/lib/python3.10/site-packages/lightning/pytorch/utilities/argparse.py", line 70, in insert_env_defaults
    return fn(self, **kwargs)
RuntimeError: You set `--ntasks=8` in your SLURM bash script, but this variable is not supported. HINT: Use `--ntasks-per-node=8` instead.
  File "/oscar/scratch/yliu674/.venv/lib/python3.10/site-packages/lightning/fabric/plugins/environments/slurm.py", line 221, in _validate_srun_variables
    raise RuntimeError(
RuntimeError: You set `--ntasks=8` in your SLURM bash script, but this variable is not supported. HINT: Use `--ntasks-per-node=8` instead.
  File "/oscar/scratch/yliu674/.venv/lib/python3.10/site-packages/lightning/pytorch/trainer/trainer.py", line 417, in __init__
    self._accelerator_connector = _AcceleratorConnector(
  File "/oscar/scratch/yliu674/.venv/lib/python3.10/site-packages/lightning/pytorch/trainer/connectors/accelerator_connector.py", line 148, in __init__
    self.cluster_environment: ClusterEnvironment = self._choose_and_init_cluster_environment()

Set the environment variable HYDRA_FULL_ERROR=1 for a complete stack trace.

Set the environment variable HYDRA_FULL_ERROR=1 for a complete stack trace.
RuntimeError: You set `--ntasks=8` in your SLURM bash script, but this variable is not supported. HINT: Use `--ntasks-per-node=8` instead.
RuntimeError: You set `--ntasks=8` in your SLURM bash script, but this variable is not supported. HINT: Use `--ntasks-per-node=8` instead.
RuntimeError: You set `--ntasks=8` in your SLURM bash script, but this variable is not supported. HINT: Use `--ntasks-per-node=8` instead.

Set the environment variable HYDRA_FULL_ERROR=1 for a complete stack trace.

Set the environment variable HYDRA_FULL_ERROR=1 for a complete stack trace.

Set the environment variable HYDRA_FULL_ERROR=1 for a complete stack trace.
  File "/oscar/scratch/yliu674/.venv/lib/python3.10/site-packages/lightning/pytorch/trainer/connectors/accelerator_connector.py", line 397, in _choose_and_init_cluster_environment
    return env_type()
  File "/oscar/scratch/yliu674/le-wm-me/train.py", line 163, in run
    trainer = pl.Trainer(
  File "/oscar/scratch/yliu674/.venv/lib/python3.10/site-packages/lightning/pytorch/utilities/argparse.py", line 70, in insert_env_defaults
    return fn(self, **kwargs)
  File "/oscar/scratch/yliu674/.venv/lib/python3.10/site-packages/lightning/pytorch/trainer/trainer.py", line 417, in __init__
    self._accelerator_connector = _AcceleratorConnector(
  File "/oscar/scratch/yliu674/.venv/lib/python3.10/site-packages/lightning/pytorch/trainer/connectors/accelerator_connector.py", line 148, in __init__
    self.cluster_environment: ClusterEnvironment = self._choose_and_init_cluster_environment()
  File "/oscar/scratch/yliu674/.venv/lib/python3.10/site-packages/lightning/pytorch/trainer/connectors/accelerator_connector.py", line 397, in _choose_and_init_cluster_environment
    return env_type()
  File "/oscar/scratch/yliu674/.venv/lib/python3.10/site-packages/lightning/fabric/plugins/environments/slurm.py", line 54, in __init__
    self._validate_srun_variables()
  File "/oscar/scratch/yliu674/.venv/lib/python3.10/site-packages/lightning/fabric/plugins/environments/slurm.py", line 221, in _validate_srun_variables
    raise RuntimeError(
  File "/oscar/scratch/yliu674/.venv/lib/python3.10/site-packages/lightning/fabric/plugins/environments/slurm.py", line 54, in __init__
    self._validate_srun_variables()
  File "/oscar/scratch/yliu674/.venv/lib/python3.10/site-packages/lightning/fabric/plugins/environments/slurm.py", line 221, in _validate_srun_variables
    raise RuntimeError(
RuntimeError: You set `--ntasks=8` in your SLURM bash script, but this variable is not supported. HINT: Use `--ntasks-per-node=8` instead.

Set the environment variable HYDRA_FULL_ERROR=1 for a complete stack trace.
RuntimeError: You set `--ntasks=8` in your SLURM bash script, but this variable is not supported. HINT: Use `--ntasks-per-node=8` instead.

Set the environment variable HYDRA_FULL_ERROR=1 for a complete stack trace.
wandb: [wandb.login()] Loaded credentials for https://api.wandb.ai from /users/yliu674/.netrc.
wandb: W&B API key is configured. Use `wandb login --relogin` to force relogin
srun: error: gpu2708: tasks 1-7: Exited with exit code 1
Error executing job with overrides: ['data=pusht']
Traceback (most recent call last):
  File "/oscar/scratch/yliu674/le-wm-me/train.py", line 153, in run
    logger.log_hyperparams(OmegaConf.to_container(cfg))
  File "/oscar/scratch/yliu674/.venv/lib/python3.10/site-packages/lightning_utilities/core/rank_zero.py", line 42, in wrapped_fn
    return fn(*args, **kwargs)
  File "/oscar/scratch/yliu674/.venv/lib/python3.10/site-packages/lightning/pytorch/loggers/wandb.py", line 435, in log_hyperparams
    self.experiment.config.update(params, allow_val_change=True)
  File "/oscar/scratch/yliu674/.venv/lib/python3.10/site-packages/lightning/fabric/loggers/logger.py", line 118, in experiment
    return fn(self)
  File "/oscar/scratch/yliu674/.venv/lib/python3.10/site-packages/lightning/pytorch/loggers/wandb.py", line 410, in experiment
    self._experiment = wandb.init(**self._wandb_init)
  File "/oscar/scratch/yliu674/.venv/lib/python3.10/site-packages/wandb/sdk/wandb_init.py", line 1611, in init
    get_sentry().reraise(e)
  File "/oscar/scratch/yliu674/.venv/lib/python3.10/site-packages/wandb/analytics/sentry.py", line 190, in reraise
    raise exc.with_traceback(tb)
  File "/oscar/scratch/yliu674/.venv/lib/python3.10/site-packages/wandb/sdk/wandb_init.py", line 1594, in init
    run = wi.init(run_settings, run_config, run_printer)
  File "/oscar/scratch/yliu674/.venv/lib/python3.10/site-packages/wandb/sdk/wandb_init.py", line 1047, in init
    raise error
wandb.errors.errors.CommError: Error uploading run: returned error 401: {"data":{"upsertBucket":null},"errors":[{"message":"user is not logged in","path":["upsertBucket"],"extensions":{"code":"PERMISSION_ERROR"}}]}

Set the environment variable HYDRA_FULL_ERROR=1 for a complete stack trace.
srun: error: gpu2708: task 0: Exited with exit code 1
