wandb: WARNING The anonymous setting has no effect and will be removed in a future version.
wandb: [wandb.login()] Loaded credentials for https://api.wandb.ai from /users/yliu674/.netrc.
wandb: Currently logged in as: yixuan_liu1 (yixuan_liu1-brown-university) to https://api.wandb.ai. Use `wandb login --relogin` to force relogin
wandb: setting up run 5zi5xyfh
wandb: Tracking run with wandb version 0.26.0
wandb: Run data is saved locally in wandb/run-20260420_172224-5zi5xyfh
wandb: Run `wandb offline` to turn off syncing.
wandb: Syncing run lewm
wandb: ⭐️ View project at https://wandb.ai/yixuan_liu1-brown-university/lewm
wandb: 🚀 View run at https://wandb.ai/yixuan_liu1-brown-university/lewm/runs/5zi5xyfh
/oscar/scratch/yliu674/.venv/lib/python3.10/site-packages/lightning/fabric/connector.py:571: `precision=bf16` is supported for historical reasons but its usage is discouraged. Please set your precision to bf16-mixed instead!
Using bfloat16 Automatic Mixed Precision (AMP)
Adding 10 callbacks from entry point 'stablepretraining_callbacks': ModuleRegistryCallback, LoggingCallback, EnvironmentDumpCallback, TrainerInfo, SklearnCheckpoint, WandbCheckpoint, ModuleSummary, SLURMInfo, LogUnusedParametersOnce, CPUOffloadCallback
GPU available: True (cuda), used: True
TPU available: False, using: 0 TPU cores
💡 Tip: For seamless cloud logging and experiment tracking, try installing [litlogger](https://pypi.org/project/litlogger/) to enable LitLogger, which logs metrics and artifacts automatically to the Lightning Experiments platform.
/oscar/scratch/yliu674/.venv/lib/python3.10/site-packages/lightning/fabric/utilities/seed.py:44: No seed found, seed set to 0
[rank: 0] Seed set to 0
💡 Tip: For seamless cloud uploads and versioning, try installing [litmodels](https://pypi.org/project/litmodels/) to enable LitModelCheckpoint, which syncs automatically with the Lightning model registry.
You are using a CUDA device ('NVIDIA L40S') that has Tensor Cores. To properly utilize them, you should set `torch.set_float32_matmul_precision('medium' | 'high')` which will trade-off precision for performance. For more details, read https://pytorch.org/docs/stable/generated/torch.set_float32_matmul_precision.html#torch.set_float32_matmul_precision
/oscar/scratch/yliu674/.venv/lib/python3.10/site-packages/lightning/pytorch/callbacks/model_checkpoint.py:881: Checkpoint directory /oscar/scratch/yliu674/le-wm-me/lewm-pusht exists and is not empty.
Restoring states from the checkpoint path at /oscar/scratch/yliu674/le-wm-me/lewm-pusht/lewm_weights.ckpt
wandb: updating run metadata
wandb: uploading summary, console lines 1-483
wandb: 🚀 View run lewm at: https://wandb.ai/yixuan_liu1-brown-university/lewm/runs/5zi5xyfh
wandb: ⭐️ View project at: https://wandb.ai/yixuan_liu1-brown-university/lewm
wandb: Synced 5 W&B file(s), 0 media file(s), 0 artifact file(s) and 0 other file(s)
wandb: Find logs at: wandb/run-20260420_172224-5zi5xyfh/logs
wandb: setting up run do9s54tg
wandb: Tracking run with wandb version 0.26.0
wandb: Run data is saved locally in wandb/run-20260420_172228-do9s54tg
wandb: Run `wandb offline` to turn off syncing.
wandb: Resuming run lewm
wandb: ⭐️ View project at https://wandb.ai/yixuan_liu1-brown-university/lewm
wandb: 🚀 View run at https://wandb.ai/yixuan_liu1-brown-university/lewm/runs/do9s54tg
/oscar/scratch/yliu674/.venv/lib/python3.10/site-packages/lightning/pytorch/callbacks/model_checkpoint.py:566: The dirpath has changed from '/oscar/scratch/yliu674/le-wm-me/lewm-pusht' to './lewm/5zi5xyfh/checkpoints', therefore `best_model_score`, `kth_best_model_path`, `kth_value`, `last_model_path` and `best_k_models` won't be reloaded. Only `best_model_path` will be reloaded.
LOCAL_RANK: 0 - CUDA_VISIBLE_DEVICES: [0]
Loading `train_dataloader` to estimate number of stepping batches.
/oscar/scratch/yliu674/.venv/lib/python3.10/site-packages/lightning/pytorch/utilities/model_summary/model_summary.py:242: Precision bf16-mixed is not supported by the model summary.  Estimated model size in MB will not be accurate. Using 32 bits instead.
Restored all states from the checkpoint at /oscar/scratch/yliu674/le-wm-me/lewm-pusht/lewm_weights.ckpt
SLURM auto-requeueing enabled. Setting signal handlers.
/oscar/scratch/yliu674/.venv/lib/python3.10/site-packages/lightning/pytorch/utilities/data.py:79: Trying to infer the `batch_size` from an ambiguous collection. The batch size we found is 128. To avoid any miscalculations, use `self.log(..., batch_size=batch_size)`.
/oscar/scratch/yliu674/.venv/lib/python3.10/site-packages/lightning/pytorch/utilities/data.py:79: Trying to infer the `batch_size` from an ambiguous collection. The batch size we found is 28. To avoid any miscalculations, use `self.log(..., batch_size=batch_size)`.
srun: Job step aborted: Waiting up to 182 seconds for job step to finish.
[2026-04-21T17:22:00.056] error: *** STEP 1807533.0 ON gpu3106 CANCELLED AT 2026-04-21T17:22:00 DUE TO TIME LIMIT ***
[2026-04-21T17:22:00.057] error: *** JOB 1807533 ON gpu3106 CANCELLED AT 2026-04-21T17:22:00 DUE TO TIME LIMIT ***
[rank: 0] Received SIGTERM: 15
Bypassing SIGTERM: 15
[rank: 0] Received SIGTERM: 15
Bypassing SIGTERM: 15
